{"meta": {"format": 3, "version": "7.14.0", "timestamp": "2026-05-21T05:01:26.055824", "branch_coverage": true, "show_contexts": false}, "files": {"src/trendstorm/__init__.py": {"executed_lines": [3], "summary": {"covered_lines": 1, "num_statements": 1, "percent_covered": 100.0, "percent_covered_display": "100", "missing_lines": 0, "excluded_lines": 0, "percent_statements_covered": 100.0, "percent_statements_covered_display": "100", "num_branches": 0, "num_partial_branches": 0, "covered_branches": 0, "missing_branches": 0, "percent_branches_covered": 100.0, "percent_branches_covered_display": "100"}, "missing_lines": [], "excluded_lines": [], "executed_branches": [], "missing_branches": [], "functions": {"": {"executed_lines": [3], "summary": {"covered_lines": 1, "num_statements": 1, "percent_covered": 100.0, "percent_covered_display": "100", "missing_lines": 0, "excluded_lines": 0, "percent_statements_covered": 100.0, "percent_statements_covered_display": "100", "num_branches": 0, "num_partial_branches": 0, "covered_branches": 0, "missing_branches": 0, "percent_branches_covered": 100.0, "percent_branches_covered_display": "100"}, "missing_lines": [], "excluded_lines": [], "start_line": 1, "executed_branches": [], "missing_branches": []}}, "classes": {"": {"executed_lines": [3], "summary": {"covered_lines": 1, "num_statements": 1, "percent_covered": 100.0, "percent_covered_display": "100", "missing_lines": 0, "excluded_lines": 0, "percent_statements_covered": 100.0, "percent_statements_covered_display": "100", "num_branches": 0, "num_partial_branches": 0, "covered_branches": 0, "missing_branches": 0, "percent_branches_covered": 100.0, "percent_branches_covered_display": "100"}, "missing_lines": [], "excluded_lines": [], "start_line": 1, "executed_branches": [], "missing_branches": []}}}, "src/trendstorm/agents/__init__.py": {"executed_lines": [], "summary": {"covered_lines": 0, "num_statements": 0, "percent_covered": 100.0, "percent_covered_display": "100", "missing_lines": 0, "excluded_lines": 0, "percent_statements_covered": 100.0, "percent_statements_covered_display": "100", "num_branches": 0, "num_partial_branches": 0, "covered_branches": 0, "missing_branches": 0, "percent_branches_covered": 100.0, "percent_branches_covered_display": "100"}, "missing_lines": [], "excluded_lines": [], "executed_branches": [], "missing_branches": [], "functions": {"": {"executed_lines": [], "summary": {"covered_lines": 0, "num_statements": 0, "percent_covered": 100.0, "percent_covered_display": "100", "missing_lines": 0, "excluded_lines": 0, "percent_statements_covered": 100.0, "percent_statements_covered_display": "100", "num_branches": 0, "num_partial_branches": 0, "covered_branches": 0, "missing_branches": 0, "percent_branches_covered": 100.0, "percent_branches_covered_display": "100"}, "missing_lines": [], "excluded_lines": [], "start_line": 1, "executed_branches": [], "missing_branches": []}}, "classes": {"": {"executed_lines": [], "summary": {"covered_lines": 0, "num_statements": 0, "percent_covered": 100.0, "percent_covered_display": "100", "missing_lines": 0, "excluded_lines": 0, "percent_statements_covered": 100.0, "percent_statements_covered_display": "100", "num_branches": 0, "num_partial_branches": 0, "covered_branches": 0, "missing_branches": 0, "percent_branches_covered": 100.0, "percent_branches_covered_display": "100"}, "missing_lines": [], "excluded_lines": [], "start_line": 1, "executed_branches": [], "missing_branches": []}}}, "src/trendstorm/agents/knowledge/__init__.py": {"executed_lines": [], "summary": {"covered_lines": 0, "num_statements": 0, "percent_covered": 100.0, "percent_covered_display": "100", "missing_lines": 0, "excluded_lines": 0, "percent_statements_covered": 100.0, "percent_statements_covered_display": "100", "num_branches": 0, "num_partial_branches": 0, "covered_branches": 0, "missing_branches": 0, "percent_branches_covered": 100.0, "percent_branches_covered_display": "100"}, "missing_lines": [], "excluded_lines": [], "executed_branches": [], "missing_branches": [], "functions": {"": {"executed_lines": [], "summary": {"covered_lines": 0, "num_statements": 0, "percent_covered": 100.0, "percent_covered_display": "100", "missing_lines": 0, "excluded_lines": 0, "percent_statements_covered": 100.0, "percent_statements_covered_display": "100", "num_branches": 0, "num_partial_branches": 0, "covered_branches": 0, "missing_branches": 0, "percent_branches_covered": 100.0, "percent_branches_covered_display": "100"}, "missing_lines": [], "excluded_lines": [], "start_line": 1, "executed_branches": [], "missing_branches": []}}, "classes": {"": {"executed_lines": [], "summary": {"covered_lines": 0, "num_statements": 0, "percent_covered": 100.0, "percent_covered_display": "100", "missing_lines": 0, "excluded_lines": 0, "percent_statements_covered": 100.0, "percent_statements_covered_display": "100", "num_branches": 0, "num_partial_branches": 0, "covered_branches": 0, "missing_branches": 0, "percent_branches_covered": 100.0, "percent_branches_covered_display": "100"}, "missing_lines": [], "excluded_lines": [], "start_line": 1, "executed_branches": [], "missing_branches": []}}}, "src/trendstorm/agents/knowledge/chunker.py": {"executed_lines": [27, 29, 31, 34, 35, 38, 39, 40, 41, 42, 43, 45, 46, 47, 55, 56, 57, 58, 59, 60, 63, 64, 65, 66, 67, 68, 69, 77, 83, 89, 90, 91, 93, 98, 99, 100, 102, 103, 106, 112, 113, 115, 116, 117, 127, 129, 134, 135, 145, 147, 149, 151, 153, 154, 156, 157, 158, 159, 161, 169, 170, 172, 184, 187, 188, 190, 191, 192, 196, 197, 198, 199, 200, 202, 203, 204, 214, 215, 219, 220, 222], "summary": {"covered_lines": 81, "num_statements": 84, "percent_covered": 93.39622641509433, "percent_covered_display": "93", "missing_lines": 3, "excluded_lines": 0, "percent_statements_covered": 96.42857142857143, "percent_statements_covered_display": "96", "num_branches": 22, "num_partial_branches": 4, "covered_branches": 18, "missing_branches": 4, "percent_branches_covered": 81.81818181818181, "percent_branches_covered_display": "82"}, "missing_lines": [104, 160, 185], "excluded_lines": [], "executed_branches": [[99, 100], [99, 102], [103, 106], [115, 116], [115, 147], [134, 115], [134, 135], [158, 159], [158, 170], [159, 161], [184, 187], [190, 191], [196, 197], [196, 202], [199, 196], [199, 200], [214, 215], [214, 219]], "missing_branches": [[103, 104], [159, 160], [184, 185], [190, 222]], "functions": {"RawChunk.is_parent": {"executed_lines": [47], "summary": {"covered_lines": 1, "num_statements": 1, "percent_covered": 100.0, "percent_covered_display": "100", "missing_lines": 0, "excluded_lines": 0, "percent_statements_covered": 100.0, "percent_statements_covered_display": "100", "num_branches": 0, "num_partial_branches": 0, "covered_branches": 0, "missing_branches": 0, "percent_branches_covered": 100.0, "percent_branches_covered_display": "100"}, "missing_lines": [], "excluded_lines": [], "start_line": 46, "executed_branches": [], "missing_branches": []}, "ParentChildChunker.__init__": {"executed_lines": [89, 90, 91], "summary": {"covered_lines": 3, "num_statements": 3, "percent_covered": 100.0, "percent_covered_display": "100", "missing_lines": 0, "excluded_lines": 0, "percent_statements_covered": 100.0, "percent_statements_covered_display": "100", "num_branches": 0, "num_partial_branches": 0, "covered_branches": 0, "missing_branches": 0, "percent_branches_covered": 100.0, "percent_branches_covered_display": "100"}, "missing_lines": [], "excluded_lines": [], "start_line": 83, "executed_branches": [], "missing_branches": []}, "ParentChildChunker.chunk": {"executed_lines": [98, 99, 100, 102, 103, 106, 112, 113, 115, 116, 117, 127, 129, 134, 135, 145, 147], "summary": {"covered_lines": 17, "num_statements": 18, "percent_covered": 92.3076923076923, "percent_covered_display": "92", "missing_lines": 1, "excluded_lines": 0, "percent_statements_covered": 94.44444444444444, "percent_statements_covered_display": "94", "num_branches": 8, "num_partial_branches": 1, "covered_branches": 7, "missing_branches": 1, "percent_branches_covered": 87.5, "percent_branches_covered_display": "88"}, "missing_lines": [104], "excluded_lines": [], "start_line": 93, "executed_branches": [[99, 100], [99, 102], [103, 106], [115, 116], [115, 147], [134, 115], [134, 135]], "missing_branches": [[103, 104]]}, "ParentChildChunker._segment": {"executed_lines": [151, 153, 154, 156, 157, 158, 159, 161, 169, 170], "summary": {"covered_lines": 10, "num_statements": 11, "percent_covered": 86.66666666666667, "percent_covered_display": "87", "missing_lines": 1, "excluded_lines": 0, "percent_statements_covered": 90.9090909090909, "percent_statements_covered_display": "91", "num_branches": 4, "num_partial_branches": 1, "covered_branches": 3, "missing_branches": 1, "percent_branches_covered": 75.0, "percent_branches_covered_display": "75"}, "missing_lines": [160], "excluded_lines": [], "start_line": 149, "executed_branches": [[158, 159], [158, 170], [159, 161]], "missing_branches": [[159, 160]]}, "ParentChildChunker._build_windows": {"executed_lines": [184, 187, 188, 190, 191, 192, 196, 197, 198, 199, 200, 202, 203, 204, 214, 215, 219, 220, 222], "summary": {"covered_lines": 19, "num_statements": 20, "percent_covered": 90.0, "percent_covered_display": "90", "missing_lines": 1, "excluded_lines": 0, "percent_statements_covered": 95.0, "percent_statements_covered_display": "95", "num_branches": 10, "num_partial_branches": 2, "covered_branches": 8, "missing_branches": 2, "percent_branches_covered": 80.0, "percent_branches_covered_display": "80"}, "missing_lines": [185], "excluded_lines": [], "start_line": 172, "executed_branches": [[184, 187], [190, 191], [196, 197], [196, 202], [199, 196], [199, 200], [214, 215], [214, 219]], "missing_branches": [[184, 185], [190, 222]]}, "": {"executed_lines": [27, 29, 31, 34, 35, 38, 39, 40, 41, 42, 43, 45, 46, 55, 56, 57, 58, 59, 60, 63, 64, 65, 66, 67, 68, 69, 77, 83, 93, 149, 172], "summary": {"covered_lines": 31, "num_statements": 31, "percent_covered": 100.0, "percent_covered_display": "100", "missing_lines": 0, "excluded_lines": 0, "percent_statements_covered": 100.0, "percent_statements_covered_display": "100", "num_branches": 0, "num_partial_branches": 0, "covered_branches": 0, "missing_branches": 0, "percent_branches_covered": 100.0, "percent_branches_covered_display": "100"}, "missing_lines": [], "excluded_lines": [], "start_line": 1, "executed_branches": [], "missing_branches": []}}, "classes": {"RawChunk": {"executed_lines": [47], "summary": {"covered_lines": 1, "num_statements": 1, "percent_covered": 100.0, "percent_covered_display": "100", "missing_lines": 0, "excluded_lines": 0, "percent_statements_covered": 100.0, "percent_statements_covered_display": "100", "num_branches": 0, "num_partial_branches": 0, "covered_branches": 0, "missing_branches": 0, "percent_branches_covered": 100.0, "percent_branches_covered_display": "100"}, "missing_lines": [], "excluded_lines": [], "start_line": 35, "executed_branches": [], "missing_branches": []}, "_Sentence": {"executed_lines": [], "summary": {"covered_lines": 0, "num_statements": 0, "percent_covered": 100.0, "percent_covered_display": "100", "missing_lines": 0, "excluded_lines": 0, "percent_statements_covered": 100.0, "percent_statements_covered_display": "100", "num_branches": 0, "num_partial_branches": 0, "covered_branches": 0, "missing_branches": 0, "percent_branches_covered": 100.0, "percent_branches_covered_display": "100"}, "missing_lines": [], "excluded_lines": [], "start_line": 56, "executed_branches": [], "missing_branches": []}, "_Window": {"executed_lines": [], "summary": {"covered_lines": 0, "num_statements": 0, "percent_covered": 100.0, "percent_covered_display": "100", "missing_lines": 0, "excluded_lines": 0, "percent_statements_covered": 100.0, "percent_statements_covered_display": "100", "num_branches": 0, "num_partial_branches": 0, "covered_branches": 0, "missing_branches": 0, "percent_branches_covered": 100.0, "percent_branches_covered_display": "100"}, "missing_lines": [], "excluded_lines": [], "start_line": 64, "executed_branches": [], "missing_branches": []}, "ParentChildChunker": {"executed_lines": [89, 90, 91, 98, 99, 100, 102, 103, 106, 112, 113, 115, 116, 117, 127, 129, 134, 135, 145, 147, 151, 153, 154, 156, 157, 158, 159, 161, 169, 170, 184, 187, 188, 190, 191, 192, 196, 197, 198, 199, 200, 202, 203, 204, 214, 215, 219, 220, 222], "summary": {"covered_lines": 49, "num_statements": 52, "percent_covered": 90.54054054054055, "percent_covered_display": "91", "missing_lines": 3, "excluded_lines": 0, "percent_statements_covered": 94.23076923076923, "percent_statements_covered_display": "94", "num_branches": 22, "num_partial_branches": 4, "covered_branches": 18, "missing_branches": 4, "percent_branches_covered": 81.81818181818181, "percent_branches_covered_display": "82"}, "missing_lines": [104, 160, 185], "excluded_lines": [], "start_line": 77, "executed_branches": [[99, 100], [99, 102], [103, 106], [115, 116], [115, 147], [134, 115], [134, 135], [158, 159], [158, 170], [159, 161], [184, 187], [190, 191], [196, 197], [196, 202], [199, 196], [199, 200], [214, 215], [214, 219]], "missing_branches": [[103, 104], [159, 160], [184, 185], [190, 222]]}, "": {"executed_lines": [27, 29, 31, 34, 35, 38, 39, 40, 41, 42, 43, 45, 46, 55, 56, 57, 58, 59, 60, 63, 64, 65, 66, 67, 68, 69, 77, 83, 93, 149, 172], "summary": {"covered_lines": 31, "num_statements": 31, "percent_covered": 100.0, "percent_covered_display": "100", "missing_lines": 0, "excluded_lines": 0, "percent_statements_covered": 100.0, "percent_statements_covered_display": "100", "num_branches": 0, "num_partial_branches": 0, "covered_branches": 0, "missing_branches": 0, "percent_branches_covered": 100.0, "percent_branches_covered_display": "100"}, "missing_lines": [], "excluded_lines": [], "start_line": 1, "executed_branches": [], "missing_branches": []}}}, "src/trendstorm/agents/knowledge/pipeline.py": {"executed_lines": [21, 23, 24, 26, 27, 28, 29, 38, 41, 42, 45, 46, 47, 48, 51, 53, 54, 57, 65, 73, 74, 75, 76, 77, 79, 93, 94, 95, 101, 111, 112, 113, 115, 116, 117, 127, 128, 141, 142, 143, 145, 146, 147, 149, 150, 167, 168, 184, 186, 191, 193, 204, 205, 206, 208, 209, 210, 211, 216, 217, 218, 227, 239, 240, 244, 253], "summary": {"covered_lines": 66, "num_statements": 68, "percent_covered": 95.23809523809524, "percent_covered_display": "95", "missing_lines": 2, "excluded_lines": 6, "percent_statements_covered": 97.05882352941177, "percent_statements_covered_display": "97", "num_branches": 16, "num_partial_branches": 2, "covered_branches": 14, "missing_branches": 2, "percent_branches_covered": 87.5, "percent_branches_covered_display": "88"}, "missing_lines": [129, 194], "excluded_lines": [31, 32, 33, 34, 35, 36], "executed_branches": [[94, 95], [94, 111], [115, 116], [115, 127], [128, 141], [145, 146], [145, 191], [149, 150], [149, 167], [193, 204], [208, 209], [208, 216], [239, 240], [239, 244]], "missing_branches": [[128, 129], [193, 194]], "functions": {"_collection_name": {"executed_lines": [53, 54], "summary": {"covered_lines": 2, "num_statements": 2, "percent_covered": 100.0, "percent_covered_display": "100", "missing_lines": 0, "excluded_lines": 0, "percent_statements_covered": 100.0, "percent_statements_covered_display": "100", "num_branches": 0, "num_partial_branches": 0, "covered_branches": 0, "missing_branches": 0, "percent_branches_covered": 100.0, "percent_branches_covered_display": "100"}, "missing_lines": [], "excluded_lines": [], "start_line": 51, "executed_branches": [], "missing_branches": []}, "KnowledgePipeline.__init__": {"executed_lines": [73, 74, 75, 76, 77], "summary": {"covered_lines": 5, "num_statements": 5, "percent_covered": 100.0, "percent_covered_display": "100", "missing_lines": 0, "excluded_lines": 0, "percent_statements_covered": 100.0, "percent_statements_covered_display": "100", "num_branches": 0, "num_partial_branches": 0, "covered_branches": 0, "missing_branches": 0, "percent_branches_covered": 100.0, "percent_branches_covered_display": "100"}, "missing_lines": [], "excluded_lines": [], "start_line": 65, "executed_branches": [], "missing_branches": []}, "KnowledgePipeline.process_document": {"executed_lines": [93, 94, 95, 101, 111, 112, 113, 115, 116, 117, 127, 128, 141, 142, 143, 145, 146, 147, 149, 150, 167, 168, 184, 186, 191, 193, 204, 205, 206, 208, 209, 210, 211, 216, 217, 218, 227, 239, 240, 244, 253], "summary": {"covered_lines": 41, "num_statements": 43, "percent_covered": 93.22033898305085, "percent_covered_display": "93", "missing_lines": 2, "excluded_lines": 0, "percent_statements_covered": 95.34883720930233, "percent_statements_covered_display": "95", "num_branches": 16, "num_partial_branches": 2, "covered_branches": 14, "missing_branches": 2, "percent_branches_covered": 87.5, "percent_branches_covered_display": "88"}, "missing_lines": [129, 194], "excluded_lines": [], "start_line": 79, "executed_branches": [[94, 95], [94, 111], [115, 116], [115, 127], [128, 141], [145, 146], [145, 191], [149, 150], [149, 167], [193, 204], [208, 209], [208, 216], [239, 240], [239, 244]], "missing_branches": [[128, 129], [193, 194]]}, "": {"executed_lines": [21, 23, 24, 26, 27, 28, 29, 38, 41, 42, 45, 46, 47, 48, 51, 57, 65, 79], "summary": {"covered_lines": 18, "num_statements": 18, "percent_covered": 100.0, "percent_covered_display": "100", "missing_lines": 0, "excluded_lines": 6, "percent_statements_covered": 100.0, "percent_statements_covered_display": "100", "num_branches": 0, "num_partial_branches": 0, "covered_branches": 0, "missing_branches": 0, "percent_branches_covered": 100.0, "percent_branches_covered_display": "100"}, "missing_lines": [], "excluded_lines": [31, 32, 33, 34, 35, 36], "start_line": 1, "executed_branches": [], "missing_branches": []}}, "classes": {"KnowledgeResult": {"executed_lines": [], "summary": {"covered_lines": 0, "num_statements": 0, "percent_covered": 100.0, "percent_covered_display": "100", "missing_lines": 0, "excluded_lines": 0, "percent_statements_covered": 100.0, "percent_statements_covered_display": "100", "num_branches": 0, "num_partial_branches": 0, "covered_branches": 0, "missing_branches": 0, "percent_branches_covered": 100.0, "percent_branches_covered_display": "100"}, "missing_lines": [], "excluded_lines": [], "start_line": 42, "executed_branches": [], "missing_branches": []}, "KnowledgePipeline": {"executed_lines": [73, 74, 75, 76, 77, 93, 94, 95, 101, 111, 112, 113, 115, 116, 117, 127, 128, 141, 142, 143, 145, 146, 147, 149, 150, 167, 168, 184, 186, 191, 193, 204, 205, 206, 208, 209, 210, 211, 216, 217, 218, 227, 239, 240, 244, 253], "summary": {"covered_lines": 46, "num_statements": 48, "percent_covered": 93.75, "percent_covered_display": "94", "missing_lines": 2, "excluded_lines": 0, "percent_statements_covered": 95.83333333333333, "percent_statements_covered_display": "96", "num_branches": 16, "num_partial_branches": 2, "covered_branches": 14, "missing_branches": 2, "percent_branches_covered": 87.5, "percent_branches_covered_display": "88"}, "missing_lines": [129, 194], "excluded_lines": [], "start_line": 57, "executed_branches": [[94, 95], [94, 111], [115, 116], [115, 127], [128, 141], [145, 146], [145, 191], [149, 150], [149, 167], [193, 204], [208, 209], [208, 216], [239, 240], [239, 244]], "missing_branches": [[128, 129], [193, 194]]}, "": {"executed_lines": [21, 23, 24, 26, 27, 28, 29, 38, 41, 42, 45, 46, 47, 48, 51, 53, 54, 57, 65, 79], "summary": {"covered_lines": 20, "num_statements": 20, "percent_covered": 100.0, "percent_covered_display": "100", "missing_lines": 0, "excluded_lines": 6, "percent_statements_covered": 100.0, "percent_statements_covered_display": "100", "num_branches": 0, "num_partial_branches": 0, "covered_branches": 0, "missing_branches": 0, "percent_branches_covered": 100.0, "percent_branches_covered_display": "100"}, "missing_lines": [], "excluded_lines": [31, 32, 33, 34, 35, 36], "start_line": 1, "executed_branches": [], "missing_branches": []}}}, "src/trendstorm/agents/knowledge/tokenizer.py": {"executed_lines": [15, 17, 19, 21, 24, 25, 27, 30, 32, 35, 43, 44, 45, 46, 47, 48, 49], "summary": {"covered_lines": 17, "num_statements": 17, "percent_covered": 100.0, "percent_covered_display": "100", "missing_lines": 0, "excluded_lines": 0, "percent_statements_covered": 100.0, "percent_statements_covered_display": "100", "num_branches": 4, "num_partial_branches": 0, "covered_branches": 4, "missing_branches": 0, "percent_branches_covered": 100.0, "percent_branches_covered_display": "100"}, "missing_lines": [], "excluded_lines": [], "executed_branches": [[43, 44], [43, 45], [47, 48], [47, 49]], "missing_branches": [], "functions": {"_get_encoding": {"executed_lines": [27], "summary": {"covered_lines": 1, "num_statements": 1, "percent_covered": 100.0, "percent_covered_display": "100", "missing_lines": 0, "excluded_lines": 0, "percent_statements_covered": 100.0, "percent_statements_covered_display": "100", "num_branches": 0, "num_partial_branches": 0, "covered_branches": 0, "missing_branches": 0, "percent_branches_covered": 100.0, "percent_branches_covered_display": "100"}, "missing_lines": [], "excluded_lines": [], "start_line": 25, "executed_branches": [], "missing_branches": []}, "count_tokens": {"executed_lines": [32], "summary": {"covered_lines": 1, "num_statements": 1, "percent_covered": 100.0, "percent_covered_display": "100", "missing_lines": 0, "excluded_lines": 0, "percent_statements_covered": 100.0, "percent_statements_covered_display": "100", "num_branches": 0, "num_partial_branches": 0, "covered_branches": 0, "missing_branches": 0, "percent_branches_covered": 100.0, "percent_branches_covered_display": "100"}, "missing_lines": [], "excluded_lines": [], "start_line": 30, "executed_branches": [], "missing_branches": []}, "truncate_to_tokens": {"executed_lines": [43, 44, 45, 46, 47, 48, 49], "summary": {"covered_lines": 7, "num_statements": 7, "percent_covered": 100.0, "percent_covered_display": "100", "missing_lines": 0, "excluded_lines": 0, "percent_statements_covered": 100.0, "percent_statements_covered_display": "100", "num_branches": 4, "num_partial_branches": 0, "covered_branches": 4, "missing_branches": 0, "percent_branches_covered": 100.0, "percent_branches_covered_display": "100"}, "missing_lines": [], "excluded_lines": [], "start_line": 35, "executed_branches": [[43, 44], [43, 45], [47, 48], [47, 49]], "missing_branches": []}, "": {"executed_lines": [15, 17, 19, 21, 24, 25, 30, 35], "summary": {"covered_lines": 8, "num_statements": 8, "percent_covered": 100.0, "percent_covered_display": "100", "missing_lines": 0, "excluded_lines": 0, "percent_statements_covered": 100.0, "percent_statements_covered_display": "100", "num_branches": 0, "num_partial_branches": 0, "covered_branches": 0, "missing_branches": 0, "percent_branches_covered": 100.0, "percent_branches_covered_display": "100"}, "missing_lines": [], "excluded_lines": [], "start_line": 1, "executed_branches": [], "missing_branches": []}}, "classes": {"": {"executed_lines": [15, 17, 19, 21, 24, 25, 27, 30, 32, 35, 43, 44, 45, 46, 47, 48, 49], "summary": {"covered_lines": 17, "num_statements": 17, "percent_covered": 100.0, "percent_covered_display": "100", "missing_lines": 0, "excluded_lines": 0, "percent_statements_covered": 100.0, "percent_statements_covered_display": "100", "num_branches": 4, "num_partial_branches": 0, "covered_branches": 4, "missing_branches": 0, "percent_branches_covered": 100.0, "percent_branches_covered_display": "100"}, "missing_lines": [], "excluded_lines": [], "start_line": 1, "executed_branches": [[43, 44], [43, 45], [47, 48], [47, 49]], "missing_branches": []}}}, "src/trendstorm/agents/orchestrator/__init__.py": {"executed_lines": [], "summary": {"covered_lines": 0, "num_statements": 0, "percent_covered": 100.0, "percent_covered_display": "100", "missing_lines": 0, "excluded_lines": 0, "percent_statements_covered": 100.0, "percent_statements_covered_display": "100", "num_branches": 0, "num_partial_branches": 0, "covered_branches": 0, "missing_branches": 0, "percent_branches_covered": 100.0, "percent_branches_covered_display": "100"}, "missing_lines": [], "excluded_lines": [], "executed_branches": [], "missing_branches": [], "functions": {"": {"executed_lines": [], "summary": {"covered_lines": 0, "num_statements": 0, "percent_covered": 100.0, "percent_covered_display": "100", "missing_lines": 0, "excluded_lines": 0, "percent_statements_covered": 100.0, "percent_statements_covered_display": "100", "num_branches": 0, "num_partial_branches": 0, "covered_branches": 0, "missing_branches": 0, "percent_branches_covered": 100.0, "percent_branches_covered_display": "100"}, "missing_lines": [], "excluded_lines": [], "start_line": 1, "executed_branches": [], "missing_branches": []}}, "classes": {"": {"executed_lines": [], "summary": {"covered_lines": 0, "num_statements": 0, "percent_covered": 100.0, "percent_covered_display": "100", "missing_lines": 0, "excluded_lines": 0, "percent_statements_covered": 100.0, "percent_statements_covered_display": "100", "num_branches": 0, "num_partial_branches": 0, "covered_branches": 0, "missing_branches": 0, "percent_branches_covered": 100.0, "percent_branches_covered_display": "100"}, "missing_lines": [], "excluded_lines": [], "start_line": 1, "executed_branches": [], "missing_branches": []}}}, "src/trendstorm/agents/orchestrator/checkpointer.py": {"executed_lines": [], "summary": {"covered_lines": 0, "num_statements": 30, "percent_covered": 0.0, "percent_covered_display": "0", "missing_lines": 30, "excluded_lines": 2, "percent_statements_covered": 0.0, "percent_statements_covered_display": "0", "num_branches": 6, "num_partial_branches": 0, "covered_branches": 0, "missing_branches": 6, "percent_branches_covered": 0.0, "percent_branches_covered_display": "0"}, "missing_lines": [25, 27, 29, 30, 32, 33, 39, 42, 50, 51, 52, 53, 54, 56, 58, 59, 60, 61, 62, 63, 65, 67, 68, 69, 70, 72, 73, 74, 75, 76], "excluded_lines": [35, 36], "executed_branches": [], "missing_branches": [[58, 59], [58, 60], [67, 68], [67, 70], [74, 75], [74, 76]], "functions": {"MongoCheckpointer.__init__": {"executed_lines": [], "summary": {"covered_lines": 0, "num_statements": 4, "percent_covered": 0.0, "percent_covered_display": "0", "missing_lines": 4, "excluded_lines": 0, "percent_statements_covered": 0.0, "percent_statements_covered_display": "0", "num_branches": 0, "num_partial_branches": 0, "covered_branches": 0, "missing_branches": 0, "percent_branches_covered": 100.0, "percent_branches_covered_display": "100"}, "missing_lines": [51, 52, 53, 54], "excluded_lines": [], "start_line": 50, "executed_branches": [], "missing_branches": []}, "MongoCheckpointer.start": {"executed_lines": [], "summary": {"covered_lines": 0, "num_statements": 6, "percent_covered": 0.0, "percent_covered_display": "0", "missing_lines": 6, "excluded_lines": 0, "percent_statements_covered": 0.0, "percent_statements_covered_display": "0", "num_branches": 2, "num_partial_branches": 0, "covered_branches": 0, "missing_branches": 2, "percent_branches_covered": 0.0, "percent_branches_covered_display": "0"}, "missing_lines": [58, 59, 60, 61, 62, 63], "excluded_lines": [], "start_line": 56, "executed_branches": [], "missing_branches": [[58, 59], [58, 60]]}, "MongoCheckpointer.close": {"executed_lines": [], "summary": {"covered_lines": 0, "num_statements": 4, "percent_covered": 0.0, "percent_covered_display": "0", "missing_lines": 4, "excluded_lines": 0, "percent_statements_covered": 0.0, "percent_statements_covered_display": "0", "num_branches": 2, "num_partial_branches": 0, "covered_branches": 0, "missing_branches": 2, "percent_branches_covered": 0.0, "percent_branches_covered_display": "0"}, "missing_lines": [67, 68, 69, 70], "excluded_lines": [], "start_line": 65, "executed_branches": [], "missing_branches": [[67, 68], [67, 70]]}, "MongoCheckpointer.saver": {"executed_lines": [], "summary": {"covered_lines": 0, "num_statements": 3, "percent_covered": 0.0, "percent_covered_display": "0", "missing_lines": 3, "excluded_lines": 0, "percent_statements_covered": 0.0, "percent_statements_covered_display": "0", "num_branches": 2, "num_partial_branches": 0, "covered_branches": 0, "missing_branches": 2, "percent_branches_covered": 0.0, "percent_branches_covered_display": "0"}, "missing_lines": [74, 75, 76], "excluded_lines": [], "start_line": 73, "executed_branches": [], "missing_branches": [[74, 75], [74, 76]]}, "": {"executed_lines": [], "summary": {"covered_lines": 0, "num_statements": 13, "percent_covered": 0.0, "percent_covered_display": "0", "missing_lines": 13, "excluded_lines": 2, "percent_statements_covered": 0.0, "percent_statements_covered_display": "0", "num_branches": 0, "num_partial_branches": 0, "covered_branches": 0, "missing_branches": 0, "percent_branches_covered": 100.0, "percent_branches_covered_display": "100"}, "missing_lines": [25, 27, 29, 30, 32, 33, 39, 42, 50, 56, 65, 72, 73], "excluded_lines": [35, 36], "start_line": 1, "executed_branches": [], "missing_branches": []}}, "classes": {"MongoCheckpointer": {"executed_lines": [], "summary": {"covered_lines": 0, "num_statements": 17, "percent_covered": 0.0, "percent_covered_display": "0", "missing_lines": 17, "excluded_lines": 0, "percent_statements_covered": 0.0, "percent_statements_covered_display": "0", "num_branches": 6, "num_partial_branches": 0, "covered_branches": 0, "missing_branches": 6, "percent_branches_covered": 0.0, "percent_branches_covered_display": "0"}, "missing_lines": [51, 52, 53, 54, 58, 59, 60, 61, 62, 63, 67, 68, 69, 70, 74, 75, 76], "excluded_lines": [], "start_line": 42, "executed_branches": [], "missing_branches": [[58, 59], [58, 60], [67, 68], [67, 70], [74, 75], [74, 76]]}, "": {"executed_lines": [], "summary": {"covered_lines": 0, "num_statements": 13, "percent_covered": 0.0, "percent_covered_display": "0", "missing_lines": 13, "excluded_lines": 2, "percent_statements_covered": 0.0, "percent_statements_covered_display": "0", "num_branches": 0, "num_partial_branches": 0, "covered_branches": 0, "missing_branches": 0, "percent_branches_covered": 100.0, "percent_branches_covered_display": "100"}, "missing_lines": [25, 27, 29, 30, 32, 33, 39, 42, 50, 56, 65, 72, 73], "excluded_lines": [35, 36], "start_line": 1, "executed_branches": [], "missing_branches": []}}}, "src/trendstorm/agents/orchestrator/edges.py": {"executed_lines": [14, 16, 17, 18, 21, 27, 28, 29, 30, 31, 32, 33, 34, 35, 42, 44, 45, 46, 47, 48, 51, 52, 53, 54, 55, 56, 59, 60, 61, 62, 63, 64, 67, 77, 78, 79, 80, 86, 89, 91, 94, 95, 96, 97, 98, 99], "summary": {"covered_lines": 46, "num_statements": 46, "percent_covered": 100.0, "percent_covered_display": "100", "missing_lines": 0, "excluded_lines": 0, "percent_statements_covered": 100.0, "percent_statements_covered_display": "100", "num_branches": 20, "num_partial_branches": 0, "covered_branches": 20, "missing_branches": 0, "percent_branches_covered": 100.0, "percent_branches_covered_display": "100"}, "missing_lines": [], "excluded_lines": [], "executed_branches": [[44, 45], [44, 46], [46, 47], [46, 48], [52, 53], [52, 54], [54, 55], [54, 56], [60, 61], [60, 62], [62, 63], [62, 64], [77, 78], [77, 79], [79, 80], [79, 89], [95, 96], [95, 97], [97, 98], [97, 99]], "missing_branches": [], "functions": {"after_ingest": {"executed_lines": [44, 45, 46, 47, 48], "summary": {"covered_lines": 5, "num_statements": 5, "percent_covered": 100.0, "percent_covered_display": "100", "missing_lines": 0, "excluded_lines": 0, "percent_statements_covered": 100.0, "percent_statements_covered_display": "100", "num_branches": 4, "num_partial_branches": 0, "covered_branches": 4, "missing_branches": 0, "percent_branches_covered": 100.0, "percent_branches_covered_display": "100"}, "missing_lines": [], "excluded_lines": [], "start_line": 42, "executed_branches": [[44, 45], [44, 46], [46, 47], [46, 48]], "missing_branches": []}, "after_embed": {"executed_lines": [52, 53, 54, 55, 56], "summary": {"covered_lines": 5, "num_statements": 5, "percent_covered": 100.0, "percent_covered_display": "100", "missing_lines": 0, "excluded_lines": 0, "percent_statements_covered": 100.0, "percent_statements_covered_display": "100", "num_branches": 4, "num_partial_branches": 0, "covered_branches": 4, "missing_branches": 0, "percent_branches_covered": 100.0, "percent_branches_covered_display": "100"}, "missing_lines": [], "excluded_lines": [], "start_line": 51, "executed_branches": [[52, 53], [52, 54], [54, 55], [54, 56]], "missing_branches": []}, "after_retrieve": {"executed_lines": [60, 61, 62, 63, 64], "summary": {"covered_lines": 5, "num_statements": 5, "percent_covered": 100.0, "percent_covered_display": "100", "missing_lines": 0, "excluded_lines": 0, "percent_statements_covered": 100.0, "percent_statements_covered_display": "100", "num_branches": 4, "num_partial_branches": 0, "covered_branches": 4, "missing_branches": 0, "percent_branches_covered": 100.0, "percent_branches_covered_display": "100"}, "missing_lines": [], "excluded_lines": [], "start_line": 59, "executed_branches": [[60, 61], [60, 62], [62, 63], [62, 64]], "missing_branches": []}, "after_analyze": {"executed_lines": [77, 78, 79, 80, 86, 89, 91], "summary": {"covered_lines": 7, "num_statements": 7, "percent_covered": 100.0, "percent_covered_display": "100", "missing_lines": 0, "excluded_lines": 0, "percent_statements_covered": 100.0, "percent_statements_covered_display": "100", "num_branches": 4, "num_partial_branches": 0, "covered_branches": 4, "missing_branches": 0, "percent_branches_covered": 100.0, "percent_branches_covered_display": "100"}, "missing_lines": [], "excluded_lines": [], "start_line": 67, "executed_branches": [[77, 78], [77, 79], [79, 80], [79, 89]], "missing_branches": []}, "after_publish": {"executed_lines": [95, 96, 97, 98, 99], "summary": {"covered_lines": 5, "num_statements": 5, "percent_covered": 100.0, "percent_covered_display": "100", "missing_lines": 0, "excluded_lines": 0, "percent_statements_covered": 100.0, "percent_statements_covered_display": "100", "num_branches": 4, "num_partial_branches": 0, "covered_branches": 4, "missing_branches": 0, "percent_branches_covered": 100.0, "percent_branches_covered_display": "100"}, "missing_lines": [], "excluded_lines": [], "start_line": 94, "executed_branches": [[95, 96], [95, 97], [97, 98], [97, 99]], "missing_branches": []}, "": {"executed_lines": [14, 16, 17, 18, 21, 27, 28, 29, 30, 31, 32, 33, 34, 35, 42, 51, 59, 67, 94], "summary": {"covered_lines": 19, "num_statements": 19, "percent_covered": 100.0, "percent_covered_display": "100", "missing_lines": 0, "excluded_lines": 0, "percent_statements_covered": 100.0, "percent_statements_covered_display": "100", "num_branches": 0, "num_partial_branches": 0, "covered_branches": 0, "missing_branches": 0, "percent_branches_covered": 100.0, "percent_branches_covered_display": "100"}, "missing_lines": [], "excluded_lines": [], "start_line": 1, "executed_branches": [], "missing_branches": []}}, "classes": {"": {"executed_lines": [14, 16, 17, 18, 21, 27, 28, 29, 30, 31, 32, 33, 34, 35, 42, 44, 45, 46, 47, 48, 51, 52, 53, 54, 55, 56, 59, 60, 61, 62, 63, 64, 67, 77, 78, 79, 80, 86, 89, 91, 94, 95, 96, 97, 98, 99], "summary": {"covered_lines": 46, "num_statements": 46, "percent_covered": 100.0, "percent_covered_display": "100", "missing_lines": 0, "excluded_lines": 0, "percent_statements_covered": 100.0, "percent_statements_covered_display": "100", "num_branches": 20, "num_partial_branches": 0, "covered_branches": 20, "missing_branches": 0, "percent_branches_covered": 100.0, "percent_branches_covered_display": "100"}, "missing_lines": [], "excluded_lines": [], "start_line": 1, "executed_branches": [[44, 45], [44, 46], [46, 47], [46, 48], [52, 53], [52, 54], [54, 55], [54, 56], [60, 61], [60, 62], [62, 63], [62, 64], [77, 78], [77, 79], [79, 80], [79, 89], [95, 96], [95, 97], [97, 98], [97, 99]], "missing_branches": []}}}, "src/trendstorm/agents/orchestrator/graph.py": {"executed_lines": [16, 18, 20, 22, 23, 33, 40, 54, 59, 60, 61, 62, 63, 64, 65, 66, 69, 73, 76, 79, 85, 90, 95, 100, 105, 111], "summary": {"covered_lines": 26, "num_statements": 26, "percent_covered": 100.0, "percent_covered_display": "100", "missing_lines": 0, "excluded_lines": 3, "percent_statements_covered": 100.0, "percent_statements_covered_display": "100", "num_branches": 0, "num_partial_branches": 0, "covered_branches": 0, "missing_branches": 0, "percent_branches_covered": 100.0, "percent_branches_covered_display": "100"}, "missing_lines": [], "excluded_lines": [35, 36, 37], "executed_branches": [], "missing_branches": [], "functions": {"build_orchestrator_graph": {"executed_lines": [54, 59, 60, 61, 62, 63, 64, 65, 66, 69, 73, 76, 79, 85, 90, 95, 100, 105, 111], "summary": {"covered_lines": 19, "num_statements": 19, "percent_covered": 100.0, "percent_covered_display": "100", "missing_lines": 0, "excluded_lines": 0, "percent_statements_covered": 100.0, "percent_statements_covered_display": "100", "num_branches": 0, "num_partial_branches": 0, "covered_branches": 0, "missing_branches": 0, "percent_branches_covered": 100.0, "percent_branches_covered_display": "100"}, "missing_lines": [], "excluded_lines": [], "start_line": 40, "executed_branches": [], "missing_branches": []}, "": {"executed_lines": [16, 18, 20, 22, 23, 33, 40], "summary": {"covered_lines": 7, "num_statements": 7, "percent_covered": 100.0, "percent_covered_display": "100", "missing_lines": 0, "excluded_lines": 3, "percent_statements_covered": 100.0, "percent_statements_covered_display": "100", "num_branches": 0, "num_partial_branches": 0, "covered_branches": 0, "missing_branches": 0, "percent_branches_covered": 100.0, "percent_branches_covered_display": "100"}, "missing_lines": [], "excluded_lines": [35, 36, 37], "start_line": 1, "executed_branches": [], "missing_branches": []}}, "classes": {"": {"executed_lines": [16, 18, 20, 22, 23, 33, 40, 54, 59, 60, 61, 62, 63, 64, 65, 66, 69, 73, 76, 79, 85, 90, 95, 100, 105, 111], "summary": {"covered_lines": 26, "num_statements": 26, "percent_covered": 100.0, "percent_covered_display": "100", "missing_lines": 0, "excluded_lines": 3, "percent_statements_covered": 100.0, "percent_statements_covered_display": "100", "num_branches": 0, "num_partial_branches": 0, "covered_branches": 0, "missing_branches": 0, "percent_branches_covered": 100.0, "percent_branches_covered_display": "100"}, "missing_lines": [], "excluded_lines": [35, 36, 37], "start_line": 1, "executed_branches": [], "missing_branches": []}}}, "src/trendstorm/agents/orchestrator/nodes.py": {"executed_lines": [24, 26, 27, 28, 29, 31, 33, 34, 44, 45, 50, 51, 52, 53, 58, 59, 64, 71, 73, 74, 77, 79, 85, 88, 90, 101, 108, 109, 110, 117, 128, 129, 133, 140, 142, 144, 145, 146, 155, 189, 205, 214, 215, 219, 226, 228, 272, 273, 274, 279, 293, 295, 296, 300, 306, 307, 309, 310, 325, 327, 328, 332, 338, 339, 342, 343, 344, 360, 362, 363, 368, 380, 382, 383, 387, 388, 389, 392, 393, 397, 399, 413], "summary": {"covered_lines": 82, "num_statements": 117, "percent_covered": 64.02877697841727, "percent_covered_display": "64", "missing_lines": 35, "excluded_lines": 2, "percent_statements_covered": 70.08547008547009, "percent_statements_covered_display": "70", "num_branches": 22, "num_partial_branches": 7, "covered_branches": 7, "missing_branches": 15, "percent_branches_covered": 31.818181818181817, "percent_branches_covered_display": "32"}, "missing_lines": [82, 91, 163, 170, 175, 182, 195, 196, 197, 198, 199, 200, 201, 202, 230, 232, 233, 234, 235, 236, 237, 246, 247, 248, 255, 260, 266, 394, 395, 396, 398, 415, 416, 417, 423], "excluded_lines": [55, 56], "executed_branches": [[79, 85], [90, -88], [142, 144], [228, 272], [392, 393], [393, 397], [397, 399]], "missing_branches": [[79, 82], [90, 91], [142, 163], [195, 196], [195, 197], [228, 230], [233, 234], [233, 246], [235, 236], [235, 237], [392, 395], [393, 394], [395, 396], [395, 397], [397, 398]], "functions": {"_increment_attempt": {"executed_lines": [73, 74], "summary": {"covered_lines": 2, "num_statements": 2, "percent_covered": 100.0, "percent_covered_display": "100", "missing_lines": 0, "excluded_lines": 0, "percent_statements_covered": 100.0, "percent_statements_covered_display": "100", "num_branches": 0, "num_partial_branches": 0, "covered_branches": 0, "missing_branches": 0, "percent_branches_covered": 100.0, "percent_branches_covered_display": "100"}, "missing_lines": [], "excluded_lines": [], "start_line": 71, "executed_branches": [], "missing_branches": []}, "_record_transition": {"executed_lines": [79, 85], "summary": {"covered_lines": 2, "num_statements": 3, "percent_covered": 60.0, "percent_covered_display": "60", "missing_lines": 1, "excluded_lines": 0, "percent_statements_covered": 66.66666666666667, "percent_statements_covered_display": "67", "num_branches": 2, "num_partial_branches": 1, "covered_branches": 1, "missing_branches": 1, "percent_branches_covered": 50.0, "percent_branches_covered_display": "50"}, "missing_lines": [82], "excluded_lines": [], "start_line": 77, "executed_branches": [[79, 85]], "missing_branches": [[79, 82]]}, "_maybe_fail": {"executed_lines": [90], "summary": {"covered_lines": 1, "num_statements": 2, "percent_covered": 50.0, "percent_covered_display": "50", "missing_lines": 1, "excluded_lines": 0, "percent_statements_covered": 50.0, "percent_statements_covered_display": "50", "num_branches": 2, "num_partial_branches": 1, "covered_branches": 1, "missing_branches": 1, "percent_branches_covered": 50.0, "percent_branches_covered_display": "50"}, "missing_lines": [91], "excluded_lines": [], "start_line": 88, "executed_branches": [[90, -88]], "missing_branches": [[90, 91]]}, "init_job": {"executed_lines": [108, 109, 110], "summary": {"covered_lines": 3, "num_statements": 3, "percent_covered": 100.0, "percent_covered_display": "100", "missing_lines": 0, "excluded_lines": 0, "percent_statements_covered": 100.0, "percent_statements_covered_display": "100", "num_branches": 0, "num_partial_branches": 0, "covered_branches": 0, "missing_branches": 0, "percent_branches_covered": 100.0, "percent_branches_covered_display": "100"}, "missing_lines": [], "excluded_lines": [], "start_line": 101, "executed_branches": [], "missing_branches": []}, "ingest_node": {"executed_lines": [128, 129, 133, 140, 142, 144, 145, 146, 155], "summary": {"covered_lines": 9, "num_statements": 13, "percent_covered": 66.66666666666667, "percent_covered_display": "67", "missing_lines": 4, "excluded_lines": 0, "percent_statements_covered": 69.23076923076923, "percent_statements_covered_display": "69", "num_branches": 2, "num_partial_branches": 1, "covered_branches": 1, "missing_branches": 1, "percent_branches_covered": 50.0, "percent_branches_covered_display": "50"}, "missing_lines": [163, 170, 175, 182], "excluded_lines": [], "start_line": 117, "executed_branches": [[142, 144]], "missing_branches": [[142, 163]]}, "_blob_uri_text": {"executed_lines": [], "summary": {"covered_lines": 0, "num_statements": 8, "percent_covered": 0.0, "percent_covered_display": "0", "missing_lines": 8, "excluded_lines": 0, "percent_statements_covered": 0.0, "percent_statements_covered_display": "0", "num_branches": 2, "num_partial_branches": 0, "covered_branches": 0, "missing_branches": 2, "percent_branches_covered": 0.0, "percent_branches_covered_display": "0"}, "missing_lines": [195, 196, 197, 198, 199, 200, 201, 202], "excluded_lines": [], "start_line": 189, "executed_branches": [], "missing_branches": [[195, 196], [195, 197]]}, "embed_node": {"executed_lines": [214, 215, 219, 226, 228, 272, 273, 274, 279], "summary": {"covered_lines": 9, "num_statements": 22, "percent_covered": 35.714285714285715, "percent_covered_display": "36", "missing_lines": 13, "excluded_lines": 0, "percent_statements_covered": 40.90909090909091, "percent_statements_covered_display": "41", "num_branches": 6, "num_partial_branches": 1, "covered_branches": 1, "missing_branches": 5, "percent_branches_covered": 16.666666666666668, "percent_branches_covered_display": "17"}, "missing_lines": [230, 232, 233, 234, 235, 236, 237, 246, 247, 248, 255, 260, 266], "excluded_lines": [], "start_line": 205, "executed_branches": [[228, 272]], "missing_branches": [[228, 230], [233, 234], [233, 246], [235, 236], [235, 237]]}, "retrieve_node": {"executed_lines": [295, 296, 300, 306, 307, 309, 310], "summary": {"covered_lines": 7, "num_statements": 7, "percent_covered": 100.0, "percent_covered_display": "100", "missing_lines": 0, "excluded_lines": 0, "percent_statements_covered": 100.0, "percent_statements_covered_display": "100", "num_branches": 0, "num_partial_branches": 0, "covered_branches": 0, "missing_branches": 0, "percent_branches_covered": 100.0, "percent_branches_covered_display": "100"}, "missing_lines": [], "excluded_lines": [], "start_line": 293, "executed_branches": [], "missing_branches": []}, "analyze_node": {"executed_lines": [327, 328, 332, 338, 339, 342, 343, 344], "summary": {"covered_lines": 8, "num_statements": 8, "percent_covered": 100.0, "percent_covered_display": "100", "missing_lines": 0, "excluded_lines": 0, "percent_statements_covered": 100.0, "percent_statements_covered_display": "100", "num_branches": 0, "num_partial_branches": 0, "covered_branches": 0, "missing_branches": 0, "percent_branches_covered": 100.0, "percent_branches_covered_display": "100"}, "missing_lines": [], "excluded_lines": [], "start_line": 325, "executed_branches": [], "missing_branches": []}, "refine_node": {"executed_lines": [362, 363, 368], "summary": {"covered_lines": 3, "num_statements": 3, "percent_covered": 100.0, "percent_covered_display": "100", "missing_lines": 0, "excluded_lines": 0, "percent_statements_covered": 100.0, "percent_statements_covered_display": "100", "num_branches": 0, "num_partial_branches": 0, "covered_branches": 0, "missing_branches": 0, "percent_branches_covered": 100.0, "percent_branches_covered_display": "100"}, "missing_lines": [], "excluded_lines": [], "start_line": 360, "executed_branches": [], "missing_branches": []}, "publish_node": {"executed_lines": [382, 383, 387, 388, 389, 392, 393, 397, 399], "summary": {"covered_lines": 9, "num_statements": 13, "percent_covered": 57.142857142857146, "percent_covered_display": "57", "missing_lines": 4, "excluded_lines": 0, "percent_statements_covered": 69.23076923076923, "percent_statements_covered_display": "69", "num_branches": 8, "num_partial_branches": 3, "covered_branches": 3, "missing_branches": 5, "percent_branches_covered": 37.5, "percent_branches_covered_display": "38"}, "missing_lines": [394, 395, 396, 398], "excluded_lines": [], "start_line": 380, "executed_branches": [[392, 393], [393, 397], [397, 399]], "missing_branches": [[392, 395], [393, 394], [395, 396], [395, 397], [397, 398]]}, "fail_node": {"executed_lines": [], "summary": {"covered_lines": 0, "num_statements": 4, "percent_covered": 0.0, "percent_covered_display": "0", "missing_lines": 4, "excluded_lines": 0, "percent_statements_covered": 0.0, "percent_statements_covered_display": "0", "num_branches": 0, "num_partial_branches": 0, "covered_branches": 0, "missing_branches": 0, "percent_branches_covered": 100.0, "percent_branches_covered_display": "100"}, "missing_lines": [415, 416, 417, 423], "excluded_lines": [], "start_line": 413, "executed_branches": [], "missing_branches": []}, "": {"executed_lines": [24, 26, 27, 28, 29, 31, 33, 34, 44, 45, 50, 51, 52, 53, 58, 59, 64, 71, 77, 88, 101, 117, 189, 205, 293, 325, 360, 380, 413], "summary": {"covered_lines": 29, "num_statements": 29, "percent_covered": 100.0, "percent_covered_display": "100", "missing_lines": 0, "excluded_lines": 2, "percent_statements_covered": 100.0, "percent_statements_covered_display": "100", "num_branches": 0, "num_partial_branches": 0, "covered_branches": 0, "missing_branches": 0, "percent_branches_covered": 100.0, "percent_branches_covered_display": "100"}, "missing_lines": [], "excluded_lines": [55, 56], "start_line": 1, "executed_branches": [], "missing_branches": []}}, "classes": {"": {"executed_lines": [24, 26, 27, 28, 29, 31, 33, 34, 44, 45, 50, 51, 52, 53, 58, 59, 64, 71, 73, 74, 77, 79, 85, 88, 90, 101, 108, 109, 110, 117, 128, 129, 133, 140, 142, 144, 145, 146, 155, 189, 205, 214, 215, 219, 226, 228, 272, 273, 274, 279, 293, 295, 296, 300, 306, 307, 309, 310, 325, 327, 328, 332, 338, 339, 342, 343, 344, 360, 362, 363, 368, 380, 382, 383, 387, 388, 389, 392, 393, 397, 399, 413], "summary": {"covered_lines": 82, "num_statements": 117, "percent_covered": 64.02877697841727, "percent_covered_display": "64", "missing_lines": 35, "excluded_lines": 2, "percent_statements_covered": 70.08547008547009, "percent_statements_covered_display": "70", "num_branches": 22, "num_partial_branches": 7, "covered_branches": 7, "missing_branches": 15, "percent_branches_covered": 31.818181818181817, "percent_branches_covered_display": "32"}, "missing_lines": [82, 91, 163, 170, 175, 182, 195, 196, 197, 198, 199, 200, 201, 202, 230, 232, 233, 234, 235, 236, 237, 246, 247, 248, 255, 260, 266, 394, 395, 396, 398, 415, 416, 417, 423], "excluded_lines": [55, 56], "start_line": 1, "executed_branches": [[79, 85], [90, -88], [142, 144], [228, 272], [392, 393], [393, 397], [397, 399]], "missing_branches": [[79, 82], [90, 91], [142, 163], [195, 196], [195, 197], [228, 230], [233, 234], [233, 246], [235, 236], [235, 237], [392, 395], [393, 394], [395, 396], [395, 397], [397, 398]]}}}, "src/trendstorm/agents/scout/__init__.py": {"executed_lines": [], "summary": {"covered_lines": 0, "num_statements": 0, "percent_covered": 100.0, "percent_covered_display": "100", "missing_lines": 0, "excluded_lines": 0, "percent_statements_covered": 100.0, "percent_statements_covered_display": "100", "num_branches": 0, "num_partial_branches": 0, "covered_branches": 0, "missing_branches": 0, "percent_branches_covered": 100.0, "percent_branches_covered_display": "100"}, "missing_lines": [], "excluded_lines": [], "executed_branches": [], "missing_branches": [], "functions": {"": {"executed_lines": [], "summary": {"covered_lines": 0, "num_statements": 0, "percent_covered": 100.0, "percent_covered_display": "100", "missing_lines": 0, "excluded_lines": 0, "percent_statements_covered": 100.0, "percent_statements_covered_display": "100", "num_branches": 0, "num_partial_branches": 0, "covered_branches": 0, "missing_branches": 0, "percent_branches_covered": 100.0, "percent_branches_covered_display": "100"}, "missing_lines": [], "excluded_lines": [], "start_line": 1, "executed_branches": [], "missing_branches": []}}, "classes": {"": {"executed_lines": [], "summary": {"covered_lines": 0, "num_statements": 0, "percent_covered": 100.0, "percent_covered_display": "100", "missing_lines": 0, "excluded_lines": 0, "percent_statements_covered": 100.0, "percent_statements_covered_display": "100", "num_branches": 0, "num_partial_branches": 0, "covered_branches": 0, "missing_branches": 0, "percent_branches_covered": 100.0, "percent_branches_covered_display": "100"}, "missing_lines": [], "excluded_lines": [], "start_line": 1, "executed_branches": [], "missing_branches": []}}}, "src/trendstorm/agents/scout/fetcher.py": {"executed_lines": [30, 32, 33, 34, 35, 37, 39, 40, 41, 46, 49, 50, 53, 54, 55, 56, 57, 58, 61, 71, 82, 93], "summary": {"covered_lines": 22, "num_statements": 49, "percent_covered": 38.59649122807018, "percent_covered_display": "39", "missing_lines": 27, "excluded_lines": 2, "percent_statements_covered": 44.89795918367347, "percent_statements_covered_display": "45", "num_branches": 8, "num_partial_branches": 0, "covered_branches": 0, "missing_branches": 8, "percent_branches_covered": 0.0, "percent_branches_covered_display": "0"}, "missing_lines": [89, 90, 91, 109, 110, 111, 112, 117, 118, 119, 120, 121, 125, 126, 131, 132, 134, 135, 147, 148, 149, 159, 160, 162, 163, 172, 183], "excluded_lines": [43, 44], "executed_branches": [], "missing_branches": [[111, 112], [111, 117], [134, 135], [134, 147], [148, 149], [148, 159], [162, 163], [162, 172]], "functions": {"Fetcher.__init__": {"executed_lines": [], "summary": {"covered_lines": 0, "num_statements": 3, "percent_covered": 0.0, "percent_covered_display": "0", "missing_lines": 3, "excluded_lines": 0, "percent_statements_covered": 0.0, "percent_statements_covered_display": "0", "num_branches": 0, "num_partial_branches": 0, "covered_branches": 0, "missing_branches": 0, "percent_branches_covered": 100.0, "percent_branches_covered_display": "100"}, "missing_lines": [89, 90, 91], "excluded_lines": [], "start_line": 82, "executed_branches": [], "missing_branches": []}, "Fetcher.fetch": {"executed_lines": [], "summary": {"covered_lines": 0, "num_statements": 24, "percent_covered": 0.0, "percent_covered_display": "0", "missing_lines": 24, "excluded_lines": 0, "percent_statements_covered": 0.0, "percent_statements_covered_display": "0", "num_branches": 8, "num_partial_branches": 0, "covered_branches": 0, "missing_branches": 8, "percent_branches_covered": 0.0, "percent_branches_covered_display": "0"}, "missing_lines": [109, 110, 111, 112, 117, 118, 119, 120, 121, 125, 126, 131, 132, 134, 135, 147, 148, 149, 159, 160, 162, 163, 172, 183], "excluded_lines": [], "start_line": 93, "executed_branches": [], "missing_branches": [[111, 112], [111, 117], [134, 135], [134, 147], [148, 149], [148, 159], [162, 163], [162, 172]]}, "": {"executed_lines": [30, 32, 33, 34, 35, 37, 39, 40, 41, 46, 49, 50, 53, 54, 55, 56, 57, 58, 61, 71, 82, 93], "summary": {"covered_lines": 22, "num_statements": 22, "percent_covered": 100.0, "percent_covered_display": "100", "missing_lines": 0, "excluded_lines": 2, "percent_statements_covered": 100.0, "percent_statements_covered_display": "100", "num_branches": 0, "num_partial_branches": 0, "covered_branches": 0, "missing_branches": 0, "percent_branches_covered": 100.0, "percent_branches_covered_display": "100"}, "missing_lines": [], "excluded_lines": [43, 44], "start_line": 1, "executed_branches": [], "missing_branches": []}}, "classes": {"FetchResult": {"executed_lines": [], "summary": {"covered_lines": 0, "num_statements": 0, "percent_covered": 100.0, "percent_covered_display": "100", "missing_lines": 0, "excluded_lines": 0, "percent_statements_covered": 100.0, "percent_statements_covered_display": "100", "num_branches": 0, "num_partial_branches": 0, "covered_branches": 0, "missing_branches": 0, "percent_branches_covered": 100.0, "percent_branches_covered_display": "100"}, "missing_lines": [], "excluded_lines": [], "start_line": 50, "executed_branches": [], "missing_branches": []}, "Fetcher": {"executed_lines": [], "summary": {"covered_lines": 0, "num_statements": 27, "percent_covered": 0.0, "percent_covered_display": "0", "missing_lines": 27, "excluded_lines": 0, "percent_statements_covered": 0.0, "percent_statements_covered_display": "0", "num_branches": 8, "num_partial_branches": 0, "covered_branches": 0, "missing_branches": 8, "percent_branches_covered": 0.0, "percent_branches_covered_display": "0"}, "missing_lines": [89, 90, 91, 109, 110, 111, 112, 117, 118, 119, 120, 121, 125, 126, 131, 132, 134, 135, 147, 148, 149, 159, 160, 162, 163, 172, 183], "excluded_lines": [], "start_line": 61, "executed_branches": [], "missing_branches": [[111, 112], [111, 117], [134, 135], [134, 147], [148, 149], [148, 159], [162, 163], [162, 172]]}, "": {"executed_lines": [30, 32, 33, 34, 35, 37, 39, 40, 41, 46, 49, 50, 53, 54, 55, 56, 57, 58, 61, 71, 82, 93], "summary": {"covered_lines": 22, "num_statements": 22, "percent_covered": 100.0, "percent_covered_display": "100", "missing_lines": 0, "excluded_lines": 2, "percent_statements_covered": 100.0, "percent_statements_covered_display": "100", "num_branches": 0, "num_partial_branches": 0, "covered_branches": 0, "missing_branches": 0, "percent_branches_covered": 100.0, "percent_branches_covered_display": "100"}, "missing_lines": [], "excluded_lines": [43, 44], "start_line": 1, "executed_branches": [], "missing_branches": []}}}, "src/trendstorm/agents/scout/hashing.py": {"executed_lines": [10, 12, 15, 21], "summary": {"covered_lines": 4, "num_statements": 4, "percent_covered": 100.0, "percent_covered_display": "100", "missing_lines": 0, "excluded_lines": 0, "percent_statements_covered": 100.0, "percent_statements_covered_display": "100", "num_branches": 0, "num_partial_branches": 0, "covered_branches": 0, "missing_branches": 0, "percent_branches_covered": 100.0, "percent_branches_covered_display": "100"}, "missing_lines": [], "excluded_lines": [], "executed_branches": [], "missing_branches": [], "functions": {"content_hash": {"executed_lines": [21], "summary": {"covered_lines": 1, "num_statements": 1, "percent_covered": 100.0, "percent_covered_display": "100", "missing_lines": 0, "excluded_lines": 0, "percent_statements_covered": 100.0, "percent_statements_covered_display": "100", "num_branches": 0, "num_partial_branches": 0, "covered_branches": 0, "missing_branches": 0, "percent_branches_covered": 100.0, "percent_branches_covered_display": "100"}, "missing_lines": [], "excluded_lines": [], "start_line": 15, "executed_branches": [], "missing_branches": []}, "": {"executed_lines": [10, 12, 15], "summary": {"covered_lines": 3, "num_statements": 3, "percent_covered": 100.0, "percent_covered_display": "100", "missing_lines": 0, "excluded_lines": 0, "percent_statements_covered": 100.0, "percent_statements_covered_display": "100", "num_branches": 0, "num_partial_branches": 0, "covered_branches": 0, "missing_branches": 0, "percent_branches_covered": 100.0, "percent_branches_covered_display": "100"}, "missing_lines": [], "excluded_lines": [], "start_line": 1, "executed_branches": [], "missing_branches": []}}, "classes": {"": {"executed_lines": [10, 12, 15, 21], "summary": {"covered_lines": 4, "num_statements": 4, "percent_covered": 100.0, "percent_covered_display": "100", "missing_lines": 0, "excluded_lines": 0, "percent_statements_covered": 100.0, "percent_statements_covered_display": "100", "num_branches": 0, "num_partial_branches": 0, "covered_branches": 0, "missing_branches": 0, "percent_branches_covered": 100.0, "percent_branches_covered_display": "100"}, "missing_lines": [], "excluded_lines": [], "start_line": 1, "executed_branches": [], "missing_branches": []}}}, "src/trendstorm/agents/scout/parsers/__init__.py": {"executed_lines": [8, 10, 11, 12, 14, 16, 17, 22, 25, 26, 29, 30, 31, 32, 33, 35, 42, 65], "summary": {"covered_lines": 18, "num_statements": 45, "percent_covered": 31.57894736842105, "percent_covered_display": "32", "missing_lines": 27, "excluded_lines": 2, "percent_statements_covered": 40.0, "percent_statements_covered_display": "40", "num_branches": 12, "num_partial_branches": 0, "covered_branches": 0, "missing_branches": 12, "percent_branches_covered": 0.0, "percent_branches_covered_display": "0"}, "missing_lines": [44, 45, 46, 48, 50, 51, 52, 53, 54, 55, 56, 57, 59, 67, 68, 69, 71, 72, 75, 76, 79, 81, 82, 83, 84, 86, 87], "excluded_lines": [19, 20], "executed_branches": [], "missing_branches": [[50, 51], [50, 52], [52, 53], [52, 54], [54, 55], [54, 56], [56, 57], [56, 59], [81, 82], [81, 83], [83, 84], [83, 86]], "functions": {"route": {"executed_lines": [], "summary": {"covered_lines": 0, "num_statements": 13, "percent_covered": 0.0, "percent_covered_display": "0", "missing_lines": 13, "excluded_lines": 0, "percent_statements_covered": 0.0, "percent_statements_covered_display": "0", "num_branches": 8, "num_partial_branches": 0, "covered_branches": 0, "missing_branches": 8, "percent_branches_covered": 0.0, "percent_branches_covered_display": "0"}, "missing_lines": [44, 45, 46, 48, 50, 51, 52, 53, 54, 55, 56, 57, 59], "excluded_lines": [], "start_line": 42, "executed_branches": [], "missing_branches": [[50, 51], [50, 52], [52, 53], [52, 54], [54, 55], [54, 56], [56, 57], [56, 59]]}, "_route_xml": {"executed_lines": [], "summary": {"covered_lines": 0, "num_statements": 14, "percent_covered": 0.0, "percent_covered_display": "0", "missing_lines": 14, "excluded_lines": 0, "percent_statements_covered": 0.0, "percent_statements_covered_display": "0", "num_branches": 4, "num_partial_branches": 0, "covered_branches": 0, "missing_branches": 4, "percent_branches_covered": 0.0, "percent_branches_covered_display": "0"}, "missing_lines": [67, 68, 69, 71, 72, 75, 76, 79, 81, 82, 83, 84, 86, 87], "excluded_lines": [], "start_line": 65, "executed_branches": [], "missing_branches": [[81, 82], [81, 83], [83, 84], [83, 86]]}, "": {"executed_lines": [8, 10, 11, 12, 14, 16, 17, 22, 25, 26, 29, 30, 31, 32, 33, 35, 42, 65], "summary": {"covered_lines": 18, "num_statements": 18, "percent_covered": 100.0, "percent_covered_display": "100", "missing_lines": 0, "excluded_lines": 2, "percent_statements_covered": 100.0, "percent_statements_covered_display": "100", "num_branches": 0, "num_partial_branches": 0, "covered_branches": 0, "missing_branches": 0, "percent_branches_covered": 100.0, "percent_branches_covered_display": "100"}, "missing_lines": [], "excluded_lines": [19, 20], "start_line": 1, "executed_branches": [], "missing_branches": []}}, "classes": {"ParseResult": {"executed_lines": [], "summary": {"covered_lines": 0, "num_statements": 0, "percent_covered": 100.0, "percent_covered_display": "100", "missing_lines": 0, "excluded_lines": 0, "percent_statements_covered": 100.0, "percent_statements_covered_display": "100", "num_branches": 0, "num_partial_branches": 0, "covered_branches": 0, "missing_branches": 0, "percent_branches_covered": 100.0, "percent_branches_covered_display": "100"}, "missing_lines": [], "excluded_lines": [], "start_line": 26, "executed_branches": [], "missing_branches": []}, "": {"executed_lines": [8, 10, 11, 12, 14, 16, 17, 22, 25, 26, 29, 30, 31, 32, 33, 35, 42, 65], "summary": {"covered_lines": 18, "num_statements": 45, "percent_covered": 31.57894736842105, "percent_covered_display": "32", "missing_lines": 27, "excluded_lines": 2, "percent_statements_covered": 40.0, "percent_statements_covered_display": "40", "num_branches": 12, "num_partial_branches": 0, "covered_branches": 0, "missing_branches": 12, "percent_branches_covered": 0.0, "percent_branches_covered_display": "0"}, "missing_lines": [44, 45, 46, 48, 50, 51, 52, 53, 54, 55, 56, 57, 59, 67, 68, 69, 71, 72, 75, 76, 79, 81, 82, 83, 84, 86, 87], "excluded_lines": [19, 20], "start_line": 1, "executed_branches": [], "missing_branches": [[50, 51], [50, 52], [52, 53], [52, 54], [54, 55], [54, 56], [56, 57], [56, 59], [81, 82], [81, 83], [83, 84], [83, 86]]}}}, "src/trendstorm/agents/scout/parsers/api.py": {"executed_lines": [], "summary": {"covered_lines": 0, "num_statements": 13, "percent_covered": 0.0, "percent_covered_display": "0", "missing_lines": 13, "excluded_lines": 3, "percent_statements_covered": 0.0, "percent_statements_covered_display": "0", "num_branches": 0, "num_partial_branches": 0, "covered_branches": 0, "missing_branches": 0, "percent_branches_covered": 100.0, "percent_branches_covered_display": "100"}, "missing_lines": [7, 9, 10, 12, 19, 21, 23, 24, 25, 26, 27, 32, 33], "excluded_lines": [14, 15, 16], "executed_branches": [], "missing_branches": [], "functions": {"parse_api": {"executed_lines": [], "summary": {"covered_lines": 0, "num_statements": 8, "percent_covered": 0.0, "percent_covered_display": "0", "missing_lines": 8, "excluded_lines": 0, "percent_statements_covered": 0.0, "percent_statements_covered_display": "0", "num_branches": 0, "num_partial_branches": 0, "covered_branches": 0, "missing_branches": 0, "percent_branches_covered": 100.0, "percent_branches_covered_display": "100"}, "missing_lines": [21, 23, 24, 25, 26, 27, 32, 33], "excluded_lines": [], "start_line": 19, "executed_branches": [], "missing_branches": []}, "": {"executed_lines": [], "summary": {"covered_lines": 0, "num_statements": 5, "percent_covered": 0.0, "percent_covered_display": "0", "missing_lines": 5, "excluded_lines": 3, "percent_statements_covered": 0.0, "percent_statements_covered_display": "0", "num_branches": 0, "num_partial_branches": 0, "covered_branches": 0, "missing_branches": 0, "percent_branches_covered": 100.0, "percent_branches_covered_display": "100"}, "missing_lines": [7, 9, 10, 12, 19], "excluded_lines": [14, 15, 16], "start_line": 1, "executed_branches": [], "missing_branches": []}}, "classes": {"": {"executed_lines": [], "summary": {"covered_lines": 0, "num_statements": 13, "percent_covered": 0.0, "percent_covered_display": "0", "missing_lines": 13, "excluded_lines": 3, "percent_statements_covered": 0.0, "percent_statements_covered_display": "0", "num_branches": 0, "num_partial_branches": 0, "covered_branches": 0, "missing_branches": 0, "percent_branches_covered": 100.0, "percent_branches_covered_display": "100"}, "missing_lines": [7, 9, 10, 12, 19, 21, 23, 24, 25, 26, 27, 32, 33], "excluded_lines": [14, 15, 16], "start_line": 1, "executed_branches": [], "missing_branches": []}}}, "src/trendstorm/agents/scout/parsers/html.py": {"executed_lines": [], "summary": {"covered_lines": 0, "num_statements": 27, "percent_covered": 0.0, "percent_covered_display": "0", "missing_lines": 27, "excluded_lines": 3, "percent_statements_covered": 0.0, "percent_statements_covered_display": "0", "num_branches": 10, "num_partial_branches": 0, "covered_branches": 0, "missing_branches": 10, "percent_branches_covered": 0.0, "percent_branches_covered_display": "0"}, "missing_lines": [8, 10, 12, 13, 15, 16, 22, 25, 27, 29, 31, 32, 33, 34, 36, 37, 38, 39, 40, 41, 42, 43, 44, 45, 47, 48, 53], "excluded_lines": [18, 19, 20], "executed_branches": [], "missing_branches": [[36, 37], [36, 47], [39, 40], [39, 41], [42, 43], [42, 47], [44, 45], [44, 47], [47, 48], [47, 53]], "functions": {"parse_html": {"executed_lines": [], "summary": {"covered_lines": 0, "num_statements": 19, "percent_covered": 0.0, "percent_covered_display": "0", "missing_lines": 19, "excluded_lines": 0, "percent_statements_covered": 0.0, "percent_statements_covered_display": "0", "num_branches": 10, "num_partial_branches": 0, "covered_branches": 0, "missing_branches": 10, "percent_branches_covered": 0.0, "percent_branches_covered_display": "0"}, "missing_lines": [27, 29, 31, 32, 33, 34, 36, 37, 38, 39, 40, 41, 42, 43, 44, 45, 47, 48, 53], "excluded_lines": [], "start_line": 25, "executed_branches": [], "missing_branches": [[36, 37], [36, 47], [39, 40], [39, 41], [42, 43], [42, 47], [44, 45], [44, 47], [47, 48], [47, 53]]}, "": {"executed_lines": [], "summary": {"covered_lines": 0, "num_statements": 8, "percent_covered": 0.0, "percent_covered_display": "0", "missing_lines": 8, "excluded_lines": 3, "percent_statements_covered": 0.0, "percent_statements_covered_display": "0", "num_branches": 0, "num_partial_branches": 0, "covered_branches": 0, "missing_branches": 0, "percent_branches_covered": 100.0, "percent_branches_covered_display": "100"}, "missing_lines": [8, 10, 12, 13, 15, 16, 22, 25], "excluded_lines": [18, 19, 20], "start_line": 1, "executed_branches": [], "missing_branches": []}}, "classes": {"": {"executed_lines": [], "summary": {"covered_lines": 0, "num_statements": 27, "percent_covered": 0.0, "percent_covered_display": "0", "missing_lines": 27, "excluded_lines": 3, "percent_statements_covered": 0.0, "percent_statements_covered_display": "0", "num_branches": 10, "num_partial_branches": 0, "covered_branches": 0, "missing_branches": 10, "percent_branches_covered": 0.0, "percent_branches_covered_display": "0"}, "missing_lines": [8, 10, 12, 13, 15, 16, 22, 25, 27, 29, 31, 32, 33, 34, 36, 37, 38, 39, 40, 41, 42, 43, 44, 45, 47, 48, 53], "excluded_lines": [18, 19, 20], "start_line": 1, "executed_branches": [], "missing_branches": [[36, 37], [36, 47], [39, 40], [39, 41], [42, 43], [42, 47], [44, 45], [44, 47], [47, 48], [47, 53]]}}}, "src/trendstorm/agents/scout/parsers/rss.py": {"executed_lines": [], "summary": {"covered_lines": 0, "num_statements": 29, "percent_covered": 0.0, "percent_covered_display": "0", "missing_lines": 29, "excluded_lines": 3, "percent_statements_covered": 0.0, "percent_statements_covered_display": "0", "num_branches": 8, "num_partial_branches": 0, "covered_branches": 0, "missing_branches": 8, "percent_branches_covered": 0.0, "percent_branches_covered_display": "0"}, "missing_lines": [7, 9, 11, 12, 14, 15, 21, 24, 26, 29, 31, 33, 34, 38, 39, 40, 45, 46, 47, 49, 50, 53, 55, 56, 57, 58, 60, 61, 63], "excluded_lines": [17, 18, 19], "executed_branches": [], "missing_branches": [[38, 39], [38, 45], [46, 47], [46, 60], [55, 56], [55, 57], [57, 46], [57, 58]], "functions": {"_strip_html": {"executed_lines": [], "summary": {"covered_lines": 0, "num_statements": 1, "percent_covered": 0.0, "percent_covered_display": "0", "missing_lines": 1, "excluded_lines": 0, "percent_statements_covered": 0.0, "percent_statements_covered_display": "0", "num_branches": 0, "num_partial_branches": 0, "covered_branches": 0, "missing_branches": 0, "percent_branches_covered": 100.0, "percent_branches_covered_display": "100"}, "missing_lines": [26], "excluded_lines": [], "start_line": 24, "executed_branches": [], "missing_branches": []}, "parse_rss": {"executed_lines": [], "summary": {"covered_lines": 0, "num_statements": 19, "percent_covered": 0.0, "percent_covered_display": "0", "missing_lines": 19, "excluded_lines": 0, "percent_statements_covered": 0.0, "percent_statements_covered_display": "0", "num_branches": 8, "num_partial_branches": 0, "covered_branches": 0, "missing_branches": 8, "percent_branches_covered": 0.0, "percent_branches_covered_display": "0"}, "missing_lines": [31, 33, 34, 38, 39, 40, 45, 46, 47, 49, 50, 53, 55, 56, 57, 58, 60, 61, 63], "excluded_lines": [], "start_line": 29, "executed_branches": [], "missing_branches": [[38, 39], [38, 45], [46, 47], [46, 60], [55, 56], [55, 57], [57, 46], [57, 58]]}, "": {"executed_lines": [], "summary": {"covered_lines": 0, "num_statements": 9, "percent_covered": 0.0, "percent_covered_display": "0", "missing_lines": 9, "excluded_lines": 3, "percent_statements_covered": 0.0, "percent_statements_covered_display": "0", "num_branches": 0, "num_partial_branches": 0, "covered_branches": 0, "missing_branches": 0, "percent_branches_covered": 100.0, "percent_branches_covered_display": "100"}, "missing_lines": [7, 9, 11, 12, 14, 15, 21, 24, 29], "excluded_lines": [17, 18, 19], "start_line": 1, "executed_branches": [], "missing_branches": []}}, "classes": {"": {"executed_lines": [], "summary": {"covered_lines": 0, "num_statements": 29, "percent_covered": 0.0, "percent_covered_display": "0", "missing_lines": 29, "excluded_lines": 3, "percent_statements_covered": 0.0, "percent_statements_covered_display": "0", "num_branches": 8, "num_partial_branches": 0, "covered_branches": 0, "missing_branches": 8, "percent_branches_covered": 0.0, "percent_branches_covered_display": "0"}, "missing_lines": [7, 9, 11, 12, 14, 15, 21, 24, 26, 29, 31, 33, 34, 38, 39, 40, 45, 46, 47, 49, 50, 53, 55, 56, 57, 58, 60, 61, 63], "excluded_lines": [17, 18, 19], "start_line": 1, "executed_branches": [], "missing_branches": [[38, 39], [38, 45], [46, 47], [46, 60], [55, 56], [55, 57], [57, 46], [57, 58]]}}}, "src/trendstorm/agents/scout/parsers/sitemap.py": {"executed_lines": [], "summary": {"covered_lines": 0, "num_statements": 18, "percent_covered": 0.0, "percent_covered_display": "0", "missing_lines": 18, "excluded_lines": 3, "percent_statements_covered": 0.0, "percent_statements_covered_display": "0", "num_branches": 2, "num_partial_branches": 0, "covered_branches": 0, "missing_branches": 2, "percent_branches_covered": 0.0, "percent_branches_covered_display": "0"}, "missing_lines": [8, 10, 11, 13, 15, 22, 25, 27, 29, 30, 31, 32, 33, 38, 39, 40, 45, 46], "excluded_lines": [17, 18, 19], "executed_branches": [], "missing_branches": [[39, 40], [39, 45]], "functions": {"parse_sitemap": {"executed_lines": [], "summary": {"covered_lines": 0, "num_statements": 11, "percent_covered": 0.0, "percent_covered_display": "0", "missing_lines": 11, "excluded_lines": 0, "percent_statements_covered": 0.0, "percent_statements_covered_display": "0", "num_branches": 2, "num_partial_branches": 0, "covered_branches": 0, "missing_branches": 2, "percent_branches_covered": 0.0, "percent_branches_covered_display": "0"}, "missing_lines": [27, 29, 30, 31, 32, 33, 38, 39, 40, 45, 46], "excluded_lines": [], "start_line": 25, "executed_branches": [], "missing_branches": [[39, 40], [39, 45]]}, "": {"executed_lines": [], "summary": {"covered_lines": 0, "num_statements": 7, "percent_covered": 0.0, "percent_covered_display": "0", "missing_lines": 7, "excluded_lines": 3, "percent_statements_covered": 0.0, "percent_statements_covered_display": "0", "num_branches": 0, "num_partial_branches": 0, "covered_branches": 0, "missing_branches": 0, "percent_branches_covered": 100.0, "percent_branches_covered_display": "100"}, "missing_lines": [8, 10, 11, 13, 15, 22, 25], "excluded_lines": [17, 18, 19], "start_line": 1, "executed_branches": [], "missing_branches": []}}, "classes": {"": {"executed_lines": [], "summary": {"covered_lines": 0, "num_statements": 18, "percent_covered": 0.0, "percent_covered_display": "0", "missing_lines": 18, "excluded_lines": 3, "percent_statements_covered": 0.0, "percent_statements_covered_display": "0", "num_branches": 2, "num_partial_branches": 0, "covered_branches": 0, "missing_branches": 2, "percent_branches_covered": 0.0, "percent_branches_covered_display": "0"}, "missing_lines": [8, 10, 11, 13, 15, 22, 25, 27, 29, 30, 31, 32, 33, 38, 39, 40, 45, 46], "excluded_lines": [17, 18, 19], "start_line": 1, "executed_branches": [], "missing_branches": [[39, 40], [39, 45]]}}}, "src/trendstorm/agents/scout/pipeline.py": {"executed_lines": [23, 25, 26, 27, 29, 31, 32, 33, 34, 35, 36, 43, 44, 45, 59, 60, 67, 68, 69, 70, 71, 72, 73, 80, 81, 84, 85, 86, 87, 88, 91, 92, 95, 97, 98, 99, 101, 102, 103, 105, 106, 107, 114, 131, 132, 134, 135, 137, 138, 148, 157, 158, 159, 160, 161, 162, 163, 164, 176, 178, 179, 181, 183, 184, 185, 187, 195, 202, 203, 206, 207, 208, 209, 210, 211, 214, 219, 227, 230, 235, 236, 239, 240, 243, 249, 250, 251, 252, 255, 261, 262, 272, 274, 275, 278, 279, 280, 281, 283, 285, 286, 291, 292, 293, 299, 305, 306, 309, 315, 332, 333, 343, 346, 347, 349, 354, 361, 362, 371, 381, 382, 383, 384], "summary": {"covered_lines": 123, "num_statements": 132, "percent_covered": 93.83561643835617, "percent_covered_display": "94", "missing_lines": 9, "excluded_lines": 7, "percent_statements_covered": 93.18181818181819, "percent_statements_covered_display": "93", "num_branches": 14, "num_partial_branches": 0, "covered_branches": 14, "missing_branches": 0, "percent_branches_covered": 100.0, "percent_branches_covered_display": "100"}, "missing_lines": [165, 166, 167, 334, 337, 338, 340, 390, 391], "excluded_lines": [47, 48, 49, 50, 51, 52, 55], "executed_branches": [[131, 132], [131, 134], [137, 138], [137, 148], [163, 164], [163, 176], [183, 184], [183, 185], [261, 262], [261, 278], [280, 281], [280, 291], [381, 382], [381, 383]], "missing_branches": [], "functions": {"IngestionResult.document_refs": {"executed_lines": [99], "summary": {"covered_lines": 1, "num_statements": 1, "percent_covered": 100.0, "percent_covered_display": "100", "missing_lines": 0, "excluded_lines": 0, "percent_statements_covered": 100.0, "percent_statements_covered_display": "100", "num_branches": 0, "num_partial_branches": 0, "covered_branches": 0, "missing_branches": 0, "percent_branches_covered": 100.0, "percent_branches_covered_display": "100"}, "missing_lines": [], "excluded_lines": [], "start_line": 98, "executed_branches": [], "missing_branches": []}, "IngestionResult.failed_source_ids": {"executed_lines": [103], "summary": {"covered_lines": 1, "num_statements": 1, "percent_covered": 100.0, "percent_covered_display": "100", "missing_lines": 0, "excluded_lines": 0, "percent_statements_covered": 100.0, "percent_statements_covered_display": "100", "num_branches": 0, "num_partial_branches": 0, "covered_branches": 0, "missing_branches": 0, "percent_branches_covered": 100.0, "percent_branches_covered_display": "100"}, "missing_lines": [], "excluded_lines": [], "start_line": 102, "executed_branches": [], "missing_branches": []}, "IngestionResult.deduped_count": {"executed_lines": [107], "summary": {"covered_lines": 1, "num_statements": 1, "percent_covered": 100.0, "percent_covered_display": "100", "missing_lines": 0, "excluded_lines": 0, "percent_statements_covered": 100.0, "percent_statements_covered_display": "100", "num_branches": 0, "num_partial_branches": 0, "covered_branches": 0, "missing_branches": 0, "percent_branches_covered": 100.0, "percent_branches_covered_display": "100"}, "missing_lines": [], "excluded_lines": [], "start_line": 106, "executed_branches": [], "missing_branches": []}, "ingest_sources": {"executed_lines": [131, 132, 134, 135, 137, 138, 148, 157, 178, 179, 181, 183, 184, 185, 187, 195], "summary": {"covered_lines": 16, "num_statements": 16, "percent_covered": 100.0, "percent_covered_display": "100", "missing_lines": 0, "excluded_lines": 0, "percent_statements_covered": 100.0, "percent_statements_covered_display": "100", "num_branches": 6, "num_partial_branches": 0, "covered_branches": 6, "missing_branches": 0, "percent_branches_covered": 100.0, "percent_branches_covered_display": "100"}, "missing_lines": [], "excluded_lines": [], "start_line": 114, "executed_branches": [[131, 132], [131, 134], [137, 138], [137, 148], [183, 184], [183, 185]], "missing_branches": []}, "ingest_sources.worker": {"executed_lines": [158, 159, 160, 161, 162, 163, 164, 176], "summary": {"covered_lines": 8, "num_statements": 11, "percent_covered": 76.92307692307692, "percent_covered_display": "77", "missing_lines": 3, "excluded_lines": 0, "percent_statements_covered": 72.72727272727273, "percent_statements_covered_display": "73", "num_branches": 2, "num_partial_branches": 0, "covered_branches": 2, "missing_branches": 0, "percent_branches_covered": 100.0, "percent_branches_covered_display": "100"}, "missing_lines": [165, 166, 167], "excluded_lines": [], "start_line": 157, "executed_branches": [[163, 164], [163, 176]], "missing_branches": []}, "_process_task": {"executed_lines": [219, 227], "summary": {"covered_lines": 2, "num_statements": 2, "percent_covered": 100.0, "percent_covered_display": "100", "missing_lines": 0, "excluded_lines": 0, "percent_statements_covered": 100.0, "percent_statements_covered_display": "100", "num_branches": 0, "num_partial_branches": 0, "covered_branches": 0, "missing_branches": 0, "percent_branches_covered": 100.0, "percent_branches_covered_display": "100"}, "missing_lines": [], "excluded_lines": [], "start_line": 214, "executed_branches": [], "missing_branches": []}, "_process_task_inner": {"executed_lines": [235, 236, 239, 240, 243, 249, 250, 251, 252, 255, 261, 262, 272, 274, 275, 278, 279, 280, 281, 283, 285, 286, 291, 292, 293, 299, 305, 306, 309, 315, 332, 333, 343, 346, 347, 349], "summary": {"covered_lines": 36, "num_statements": 40, "percent_covered": 90.9090909090909, "percent_covered_display": "91", "missing_lines": 4, "excluded_lines": 0, "percent_statements_covered": 90.0, "percent_statements_covered_display": "90", "num_branches": 4, "num_partial_branches": 0, "covered_branches": 4, "missing_branches": 0, "percent_branches_covered": 100.0, "percent_branches_covered_display": "100"}, "missing_lines": [334, 337, 338, 340], "excluded_lines": [], "start_line": 230, "executed_branches": [[261, 262], [261, 278], [280, 281], [280, 291]], "missing_branches": []}, "_make_ref": {"executed_lines": [361, 362], "summary": {"covered_lines": 2, "num_statements": 2, "percent_covered": 100.0, "percent_covered_display": "100", "missing_lines": 0, "excluded_lines": 0, "percent_statements_covered": 100.0, "percent_statements_covered_display": "100", "num_branches": 0, "num_partial_branches": 0, "covered_branches": 0, "missing_branches": 0, "percent_branches_covered": 100.0, "perce
[...]
sing_branches": []}}}, "src/trendstorm/shared/ids/__init__.py": {"executed_lines": [21, 23, 26, 28, 31, 33, 34, 35, 36, 37], "summary": {"covered_lines": 10, "num_statements": 10, "percent_covered": 100.0, "percent_covered_display": "100", "missing_lines": 0, "excluded_lines": 0, "percent_statements_covered": 100.0, "percent_statements_covered_display": "100", "num_branches": 0, "num_partial_branches": 0, "covered_branches": 0, "missing_branches": 0, "percent_branches_covered": 100.0, "percent_branches_covered_display": "100"}, "missing_lines": [], "excluded_lines": [], "executed_branches": [], "missing_branches": [], "functions": {"new_id": {"executed_lines": [28], "summary": {"covered_lines": 1, "num_statements": 1, "percent_covered": 100.0, "percent_covered_display": "100", "missing_lines": 0, "excluded_lines": 0, "percent_statements_covered": 100.0, "percent_statements_covered_display": "100", "num_branches": 0, "num_partial_branches": 0, "covered_branches": 0, "missing_branches": 0, "percent_branches_covered": 100.0, "percent_branches_covered_display": "100"}, "missing_lines": [], "excluded_lines": [], "start_line": 26, "executed_branches": [], "missing_branches": []}, "is_valid_id": {"executed_lines": [33, 34, 35, 36, 37], "summary": {"covered_lines": 5, "num_statements": 5, "percent_covered": 100.0, "percent_covered_display": "100", "missing_lines": 0, "excluded_lines": 0, "percent_statements_covered": 100.0, "percent_statements_covered_display": "100", "num_branches": 0, "num_partial_branches": 0, "covered_branches": 0, "missing_branches": 0, "percent_branches_covered": 100.0, "percent_branches_covered_display": "100"}, "missing_lines": [], "excluded_lines": [], "start_line": 31, "executed_branches": [], "missing_branches": []}, "": {"executed_lines": [21, 23, 26, 31], "summary": {"covered_lines": 4, "num_statements": 4, "percent_covered": 100.0, "percent_covered_display": "100", "missing_lines": 0, "excluded_lines": 0, "percent_statements_covered": 100.0, "percent_statements_covered_display": "100", "num_branches": 0, "num_partial_branches": 0, "covered_branches": 0, "missing_branches": 0, "percent_branches_covered": 100.0, "percent_branches_covered_display": "100"}, "missing_lines": [], "excluded_lines": [], "start_line": 1, "executed_branches": [], "missing_branches": []}}, "classes": {"": {"executed_lines": [21, 23, 26, 28, 31, 33, 34, 35, 36, 37], "summary": {"covered_lines": 10, "num_statements": 10, "percent_covered": 100.0, "percent_covered_display": "100", "missing_lines": 0, "excluded_lines": 0, "percent_statements_covered": 100.0, "percent_statements_covered_display": "100", "num_branches": 0, "num_partial_branches": 0, "covered_branches": 0, "missing_branches": 0, "percent_branches_covered": 100.0, "percent_branches_covered_display": "100"}, "missing_lines": [], "excluded_lines": [], "start_line": 1, "executed_branches": [], "missing_branches": []}}}, "src/trendstorm/shared/logging/__init__.py": {"executed_lines": [31, 33, 34, 35, 36, 38, 39, 40, 42, 50, 51, 52, 55, 74, 84, 95, 113, 120, 129, 145, 216, 224], "summary": {"covered_lines": 22, "num_statements": 69, "percent_covered": 23.157894736842106, "percent_covered_display": "23", "missing_lines": 47, "excluded_lines": 0, "percent_statements_covered": 31.884057971014492, "percent_statements_covered_display": "32", "num_branches": 26, "num_partial_branches": 0, "covered_branches": 0, "missing_branches": 26, "percent_branches_covered": 0.0, "percent_branches_covered_display": "0"}, "missing_lines": [66, 67, 68, 69, 70, 71, 76, 86, 87, 88, 89, 90, 91, 92, 101, 102, 103, 104, 105, 108, 109, 110, 115, 116, 135, 136, 137, 138, 151, 152, 156, 167, 168, 170, 173, 189, 198, 199, 201, 202, 203, 204, 207, 208, 211, 212, 213], "excluded_lines": [], "executed_branches": [], "missing_branches": [[66, 67], [66, 68], [68, 69], [68, 70], [70, -55], [70, 71], [86, 87], [86, 88], [88, 89], [88, 90], [90, 91], [90, 92], [102, 103], [102, 104], [105, 108], [105, 110], [135, 136], [135, 138], [136, 135], [136, 137], [167, 168], [167, 170], [207, 208], [207, 211], [211, -145], [211, 212]], "functions": {"bind_context": {"executed_lines": [], "summary": {"covered_lines": 0, "num_statements": 6, "percent_covered": 0.0, "percent_covered_display": "0", "missing_lines": 6, "excluded_lines": 0, "percent_statements_covered": 0.0, "percent_statements_covered_display": "0", "num_branches": 6, "num_partial_branches": 0, "covered_branches": 0, "missing_branches": 6, "percent_branches_covered": 0.0, "percent_branches_covered_display": "0"}, "missing_lines": [66, 67, 68, 69, 70, 71], "excluded_lines": [], "start_line": 55, "executed_branches": [], "missing_branches": [[66, 67], [66, 68], [68, 69], [68, 70], [70, -55], [70, 71]]}, "get_correlation_id": {"executed_lines": [], "summary": {"covered_lines": 0, "num_statements": 1, "percent_covered": 0.0, "percent_covered_display": "0", "missing_lines": 1, "excluded_lines": 0, "percent_statements_covered": 0.0, "percent_statements_covered_display": "0", "num_branches": 0, "num_partial_branches": 0, "covered_branches": 0, "missing_branches": 0, "percent_branches_covered": 100.0, "percent_branches_covered_display": "100"}, "missing_lines": [76], "excluded_lines": [], "start_line": 74, "executed_branches": [], "missing_branches": []}, "_add_log_context": {"executed_lines": [], "summary": {"covered_lines": 0, "num_statements": 7, "percent_covered": 0.0, "percent_covered_display": "0", "missing_lines": 7, "excluded_lines": 0, "percent_statements_covered": 0.0, "percent_statements_covered_display": "0", "num_branches": 6, "num_partial_branches": 0, "covered_branches": 0, "missing_branches": 6, "percent_branches_covered": 0.0, "percent_branches_covered_display": "0"}, "missing_lines": [86, 87, 88, 89, 90, 91, 92], "excluded_lines": [], "start_line": 84, "executed_branches": [], "missing_branches": [[86, 87], [86, 88], [88, 89], [88, 90], [90, 91], [90, 92]]}, "_add_otel_context": {"executed_lines": [], "summary": {"covered_lines": 0, "num_statements": 8, "percent_covered": 0.0, "percent_covered_display": "0", "missing_lines": 8, "excluded_lines": 0, "percent_statements_covered": 0.0, "percent_statements_covered_display": "0", "num_branches": 4, "num_partial_branches": 0, "covered_branches": 0, "missing_branches": 4, "percent_branches_covered": 0.0, "percent_branches_covered_display": "0"}, "missing_lines": [101, 102, 103, 104, 105, 108, 109, 110], "excluded_lines": [], "start_line": 95, "executed_branches": [], "missing_branches": [[102, 103], [102, 104], [105, 108], [105, 110]]}, "_drop_color_message_key": {"executed_lines": [], "summary": {"covered_lines": 0, "num_statements": 2, "percent_covered": 0.0, "percent_covered_display": "0", "missing_lines": 2, "excluded_lines": 0, "percent_statements_covered": 0.0, "percent_statements_covered_display": "0", "num_branches": 0, "num_partial_branches": 0, "covered_branches": 0, "missing_branches": 0, "percent_branches_covered": 100.0, "percent_branches_covered_display": "100"}, "missing_lines": [115, 116], "excluded_lines": [], "start_line": 113, "executed_branches": [], "missing_branches": []}, "_redact_sensitive": {"executed_lines": [], "summary": {"covered_lines": 0, "num_statements": 4, "percent_covered": 0.0, "percent_covered_display": "0", "missing_lines": 4, "excluded_lines": 0, "percent_statements_covered": 0.0, "percent_statements_covered_display": "0", "num_branches": 4, "num_partial_branches": 0, "covered_branches": 0, "missing_branches": 4, "percent_branches_covered": 0.0, "percent_branches_covered_display": "0"}, "missing_lines": [135, 136, 137, 138], "excluded_lines": [], "start_line": 129, "executed_branches": [], "missing_branches": [[135, 136], [135, 138], [136, 135], [136, 137]]}, "configure_logging": {"executed_lines": [], "summary": {"covered_lines": 0, "num_statements": 19, "percent_covered": 0.0, "percent_covered_display": "0", "missing_lines": 19, "excluded_lines": 0, "percent_statements_covered": 0.0, "percent_statements_covered_display": "0", "num_branches": 6, "num_partial_branches": 0, "covered_branches": 0, "missing_branches": 6, "percent_branches_covered": 0.0, "percent_branches_covered_display": "0"}, "missing_lines": [151, 152, 156, 167, 168, 170, 173, 189, 198, 199, 201, 202, 203, 204, 207, 208, 211, 212, 213], "excluded_lines": [], "start_line": 145, "executed_branches": [], "missing_branches": [[167, 168], [167, 170], [207, 208], [207, 211], [211, -145], [211, 212]]}, "get_logger": {"executed_lines": [224], "summary": {"covered_lines": 1, "num_statements": 1, "percent_covered": 100.0, "percent_covered_display": "100", "missing_lines": 0, "excluded_lines": 0, "percent_statements_covered": 100.0, "percent_statements_covered_display": "100", "num_branches": 0, "num_partial_branches": 0, "covered_branches": 0, "missing_branches": 0, "percent_branches_covered": 100.0, "percent_branches_covered_display": "100"}, "missing_lines": [], "excluded_lines": [], "start_line": 216, "executed_branches": [], "missing_branches": []}, "": {"executed_lines": [31, 33, 34, 35, 36, 38, 39, 40, 42, 50, 51, 52, 55, 74, 84, 95, 113, 120, 129, 145, 216], "summary": {"covered_lines": 21, "num_statements": 21, "percent_covered": 100.0, "percent_covered_display": "100", "missing_lines": 0, "excluded_lines": 0, "percent_statements_covered": 100.0, "percent_statements_covered_display": "100", "num_branches": 0, "num_partial_branches": 0, "covered_branches": 0, "missing_branches": 0, "percent_branches_covered": 100.0, "percent_branches_covered_display": "100"}, "missing_lines": [], "excluded_lines": [], "start_line": 1, "executed_branches": [], "missing_branches": []}}, "classes": {"": {"executed_lines": [31, 33, 34, 35, 36, 38, 39, 40, 42, 50, 51, 52, 55, 74, 84, 95, 113, 120, 129, 145, 216, 224], "summary": {"covered_lines": 22, "num_statements": 69, "percent_covered": 23.157894736842106, "percent_covered_display": "23", "missing_lines": 47, "excluded_lines": 0, "percent_statements_covered": 31.884057971014492, "percent_statements_covered_display": "32", "num_branches": 26, "num_partial_branches": 0, "covered_branches": 0, "missing_branches": 26, "percent_branches_covered": 0.0, "percent_branches_covered_display": "0"}, "missing_lines": [66, 67, 68, 69, 70, 71, 76, 86, 87, 88, 89, 90, 91, 92, 101, 102, 103, 104, 105, 108, 109, 110, 115, 116, 135, 136, 137, 138, 151, 152, 156, 167, 168, 170, 173, 189, 198, 199, 201, 202, 203, 204, 207, 208, 211, 212, 213], "excluded_lines": [], "start_line": 1, "executed_branches": [], "missing_branches": [[66, 67], [66, 68], [68, 69], [68, 70], [70, -55], [70, 71], [86, 87], [86, 88], [88, 89], [88, 90], [90, 91], [90, 92], [102, 103], [102, 104], [105, 108], [105, 110], [135, 136], [135, 138], [136, 135], [136, 137], [167, 168], [167, 170], [207, 208], [207, 211], [211, -145], [211, 212]]}}}, "src/trendstorm/shared/tracing/__init__.py": {"executed_lines": [], "summary": {"covered_lines": 0, "num_statements": 40, "percent_covered": 0.0, "percent_covered_display": "0", "missing_lines": 40, "excluded_lines": 0, "percent_statements_covered": 0.0, "percent_statements_covered_display": "0", "num_branches": 4, "num_partial_branches": 0, "covered_branches": 0, "missing_branches": 4, "percent_branches_covered": 0.0, "percent_branches_covered_display": "0"}, "missing_lines": [21, 23, 25, 26, 27, 28, 29, 30, 31, 32, 33, 34, 35, 36, 37, 39, 42, 45, 56, 57, 59, 64, 75, 79, 84, 88, 90, 103, 106, 109, 114, 116, 119, 125, 132, 139, 142, 148, 150, 151], "excluded_lines": [], "executed_branches": [], "missing_branches": [[56, 57], [56, 59], [150, -142], [150, 151]], "functions": {"configure_tracing": {"executed_lines": [], "summary": {"covered_lines": 0, "num_statements": 14, "percent_covered": 0.0, "percent_covered_display": "0", "missing_lines": 14, "excluded_lines": 0, "percent_statements_covered": 0.0, "percent_statements_covered_display": "0", "num_branches": 2, "num_partial_branches": 0, "covered_branches": 0, "missing_branches": 2, "percent_branches_covered": 0.0, "percent_branches_covered_display": "0"}, "missing_lines": [56, 57, 59, 64, 75, 79, 84, 88, 90, 103, 106, 109, 114, 116], "excluded_lines": [], "start_line": 45, "executed_branches": [], "missing_branches": [[56, 57], [56, 59]]}, "instrument_fastapi": {"executed_lines": [], "summary": {"covered_lines": 0, "num_statements": 1, "percent_covered": 0.0, "percent_covered_display": "0", "missing_lines": 1, "excluded_lines": 0, "percent_statements_covered": 0.0, "percent_statements_covered_display": "0", "num_branches": 0, "num_partial_branches": 0, "covered_branches": 0, "missing_branches": 0, "percent_branches_covered": 100.0, "percent_branches_covered_display": "100"}, "missing_lines": [125], "excluded_lines": [], "start_line": 119, "executed_branches": [], "missing_branches": []}, "get_tracer": {"executed_lines": [], "summary": {"covered_lines": 0, "num_statements": 1, "percent_covered": 0.0, "percent_covered_display": "0", "missing_lines": 1, "excluded_lines": 0, "percent_statements_covered": 0.0, "percent_statements_covered_display": "0", "num_branches": 0, "num_partial_branches": 0, "covered_branches": 0, "missing_branches": 0, "percent_branches_covered": 100.0, "percent_branches_covered_display": "100"}, "missing_lines": [139], "excluded_lines": [], "start_line": 132, "executed_branches": [], "missing_branches": []}, "shutdown_tracing": {"executed_lines": [], "summary": {"covered_lines": 0, "num_statements": 3, "percent_covered": 0.0, "percent_covered_display": "0", "missing_lines": 3, "excluded_lines": 0, "percent_statements_covered": 0.0, "percent_statements_covered_display": "0", "num_branches": 2, "num_partial_branches": 0, "covered_branches": 0, "missing_branches": 2, "percent_branches_covered": 0.0, "percent_branches_covered_display": "0"}, "missing_lines": [148, 150, 151], "excluded_lines": [], "start_line": 142, "executed_branches": [], "missing_branches": [[150, -142], [150, 151]]}, "": {"executed_lines": [], "summary": {"covered_lines": 0, "num_statements": 21, "percent_covered": 0.0, "percent_covered_display": "0", "missing_lines": 21, "excluded_lines": 0, "percent_statements_covered": 0.0, "percent_statements_covered_display": "0", "num_branches": 0, "num_partial_branches": 0, "covered_branches": 0, "missing_branches": 0, "percent_branches_covered": 100.0, "percent_branches_covered_display": "100"}, "missing_lines": [21, 23, 25, 26, 27, 28, 29, 30, 31, 32, 33, 34, 35, 36, 37, 39, 42, 45, 119, 132, 142], "excluded_lines": [], "start_line": 1, "executed_branches": [], "missing_branches": []}}, "classes": {"": {"executed_lines": [], "summary": {"covered_lines": 0, "num_statements": 40, "percent_covered": 0.0, "percent_covered_display": "0", "missing_lines": 40, "excluded_lines": 0, "percent_statements_covered": 0.0, "percent_statements_covered_display": "0", "num_branches": 4, "num_partial_branches": 0, "covered_branches": 0, "missing_branches": 4, "percent_branches_covered": 0.0, "percent_branches_covered_display": "0"}, "missing_lines": [21, 23, 25, 26, 27, 28, 29, 30, 31, 32, 33, 34, 35, 36, 37, 39, 42, 45, 56, 57, 59, 64, 75, 79, 84, 88, 90, 103, 106, 109, 114, 116, 119, 125, 132, 139, 142, 148, 150, 151], "excluded_lines": [], "start_line": 1, "executed_branches": [], "missing_branches": [[56, 57], [56, 59], [150, -142], [150, 151]]}}}, "src/trendstorm/shared/types/__init__.py": {"executed_lines": [5, 7, 10, 20, 21, 22, 23, 24, 25, 26, 27, 28, 30, 31, 32, 35, 38, 39, 40, 41, 44, 45, 46, 47], "summary": {"covered_lines": 24, "num_statements": 24, "percent_covered": 100.0, "percent_covered_display": "100", "missing_lines": 0, "excluded_lines": 0, "percent_statements_covered": 100.0, "percent_statements_covered_display": "100", "num_branches": 0, "num_partial_branches": 0, "covered_branches": 0, "missing_branches": 0, "percent_branches_covered": 100.0, "percent_branches_covered_display": "100"}, "missing_lines": [], "excluded_lines": [], "executed_branches": [], "missing_branches": [], "functions": {"JobStatus.is_terminal": {"executed_lines": [32], "summary": {"covered_lines": 1, "num_statements": 1, "percent_covered": 100.0, "percent_covered_display": "100", "missing_lines": 0, "excluded_lines": 0, "percent_statements_covered": 100.0, "percent_statements_covered_display": "100", "num_branches": 0, "num_partial_branches": 0, "covered_branches": 0, "missing_branches": 0, "percent_branches_covered": 100.0, "percent_branches_covered_display": "100"}, "missing_lines": [], "excluded_lines": [], "start_line": 31, "executed_branches": [], "missing_branches": []}, "": {"executed_lines": [5, 7, 10, 20, 21, 22, 23, 24, 25, 26, 27, 28, 30, 31, 35, 38, 39, 40, 41, 44, 45, 46, 47], "summary": {"covered_lines": 23, "num_statements": 23, "percent_covered": 100.0, "percent_covered_display": "100", "missing_lines": 0, "excluded_lines": 0, "percent_statements_covered": 100.0, "percent_statements_covered_display": "100", "num_branches": 0, "num_partial_branches": 0, "covered_branches": 0, "missing_branches": 0, "percent_branches_covered": 100.0, "percent_branches_covered_display": "100"}, "missing_lines": [], "excluded_lines": [], "start_line": 1, "executed_branches": [], "missing_branches": []}}, "classes": {"JobStatus": {"executed_lines": [32], "summary": {"covered_lines": 1, "num_statements": 1, "percent_covered": 100.0, "percent_covered_display": "100", "missing_lines": 0, "excluded_lines": 0, "percent_statements_covered": 100.0, "percent_statements_covered_display": "100", "num_branches": 0, "num_partial_branches": 0, "covered_branches": 0, "missing_branches": 0, "percent_branches_covered": 100.0, "percent_branches_covered_display": "100"}, "missing_lines": [], "excluded_lines": [], "start_line": 10, "executed_branches": [], "missing_branches": []}, "SourceType": {"executed_lines": [], "summary": {"covered_lines": 0, "num_statements": 0, "percent_covered": 100.0, "percent_covered_display": "100", "missing_lines": 0, "excluded_lines": 0, "percent_statements_covered": 100.0, "percent_statements_covered_display": "100", "num_branches": 0, "num_partial_branches": 0, "covered_branches": 0, "missing_branches": 0, "percent_branches_covered": 100.0, "percent_branches_covered_display": "100"}, "missing_lines": [], "excluded_lines": [], "start_line": 35, "executed_branches": [], "missing_branches": []}, "ReportFormat": {"executed_lines": [], "summary": {"covered_lines": 0, "num_statements": 0, "percent_covered": 100.0, "percent_covered_display": "100", "missing_lines": 0, "excluded_lines": 0, "percent_statements_covered": 100.0, "percent_statements_covered_display": "100", "num_branches": 0, "num_partial_branches": 0, "covered_branches": 0, "missing_branches": 0, "percent_branches_covered": 100.0, "percent_branches_covered_display": "100"}, "missing_lines": [], "excluded_lines": [], "start_line": 44, "executed_branches": [], "missing_branches": []}, "": {"executed_lines": [5, 7, 10, 20, 21, 22, 23, 24, 25, 26, 27, 28, 30, 31, 35, 38, 39, 40, 41, 44, 45, 46, 47], "summary": {"covered_lines": 23, "num_statements": 23, "percent_covered": 100.0, "percent_covered_display": "100", "missing_lines": 0, "excluded_lines": 0, "percent_statements_covered": 100.0, "percent_statements_covered_display": "100", "num_branches": 0, "num_partial_branches": 0, "covered_branches": 0, "missing_branches": 0, "percent_branches_covered": 100.0, "percent_branches_covered_display": "100"}, "missing_lines": [], "excluded_lines": [], "start_line": 1, "executed_branches": [], "missing_branches": []}}}}, "totals": {"covered_lines": 1883, "num_statements": 3718, "percent_covered": 47.91567977261961, "percent_covered_display": "48", "missing_lines": 1835, "excluded_lines": 116, "percent_statements_covered": 50.64550833781603, "percent_statements_covered_display": "51", "num_branches": 504, "num_partial_branches": 28, "covered_branches": 140, "missing_branches": 364, "percent_branches_covered": 27.77777777777778, "percent_branches_covered_display": "28"}}